[debug] [2025-06-14T01:47:34.212Z] ----------------------------------------------------------------------
[debug] [2025-06-14T01:47:34.215Z] Command:       C:\Program Files\nodejs\node.exe C:\Users\Mert\AppData\Roaming\npm\node_modules\firebase-tools\lib\bin\firebase.js deploy --only functions
[debug] [2025-06-14T01:47:34.215Z] CLI Version:   14.7.0
[debug] [2025-06-14T01:47:34.215Z] Platform:      win32
[debug] [2025-06-14T01:47:34.215Z] Node Version:  v22.14.0
[debug] [2025-06-14T01:47:34.216Z] Time:          Sat Jun 14 2025 04:47:34 GMT+0300 (GMT+03:00)
[debug] [2025-06-14T01:47:34.216Z] ----------------------------------------------------------------------
[debug] 
[debug] [2025-06-14T01:47:34.426Z] > command requires scopes: ["email","openid","https://www.googleapis.com/auth/cloudplatformprojects.readonly","https://www.googleapis.com/auth/firebase","https://www.googleapis.com/auth/cloud-platform"]
[debug] [2025-06-14T01:47:34.426Z] > authorizing via signed-in user (nstkee@gmail.com)
[debug] [2025-06-14T01:47:34.426Z] [iam] checking project networksecurity-866ff for permissions ["cloudfunctions.functions.create","cloudfunctions.functions.delete","cloudfunctions.functions.get","cloudfunctions.functions.list","cloudfunctions.functions.update","cloudfunctions.operations.get","firebase.projects.get"]
[debug] [2025-06-14T01:47:34.427Z] Checked if tokens are valid: true, expires at: 1749868607490
[debug] [2025-06-14T01:47:34.428Z] Checked if tokens are valid: true, expires at: 1749868607490
[debug] [2025-06-14T01:47:34.428Z] >>> [apiv2][query] POST https://cloudresourcemanager.googleapis.com/v1/projects/networksecurity-866ff:testIamPermissions [none]
[debug] [2025-06-14T01:47:34.429Z] >>> [apiv2][(partial)header] POST https://cloudresourcemanager.googleapis.com/v1/projects/networksecurity-866ff:testIamPermissions x-goog-quota-user=projects/networksecurity-866ff
[debug] [2025-06-14T01:47:34.429Z] >>> [apiv2][body] POST https://cloudresourcemanager.googleapis.com/v1/projects/networksecurity-866ff:testIamPermissions {"permissions":["cloudfunctions.functions.create","cloudfunctions.functions.delete","cloudfunctions.functions.get","cloudfunctions.functions.list","cloudfunctions.functions.update","cloudfunctions.operations.get","firebase.projects.get"]}
[debug] [2025-06-14T01:47:35.630Z] <<< [apiv2][status] POST https://cloudresourcemanager.googleapis.com/v1/projects/networksecurity-866ff:testIamPermissions 200
[debug] [2025-06-14T01:47:35.630Z] <<< [apiv2][body] POST https://cloudresourcemanager.googleapis.com/v1/projects/networksecurity-866ff:testIamPermissions {"permissions":["cloudfunctions.functions.create","cloudfunctions.functions.delete","cloudfunctions.functions.get","cloudfunctions.functions.list","cloudfunctions.functions.update","cloudfunctions.operations.get","firebase.projects.get"]}
[debug] [2025-06-14T01:47:35.630Z] Checked if tokens are valid: true, expires at: 1749868607490
[debug] [2025-06-14T01:47:35.630Z] Checked if tokens are valid: true, expires at: 1749868607490
[debug] [2025-06-14T01:47:35.630Z] >>> [apiv2][query] POST https://iam.googleapis.com/v1/projects/networksecurity-866ff/serviceAccounts/networksecurity-866ff@appspot.gserviceaccount.com:testIamPermissions [none]
[debug] [2025-06-14T01:47:35.631Z] >>> [apiv2][body] POST https://iam.googleapis.com/v1/projects/networksecurity-866ff/serviceAccounts/networksecurity-866ff@appspot.gserviceaccount.com:testIamPermissions {"permissions":["iam.serviceAccounts.actAs"]}
[debug] [2025-06-14T01:47:36.723Z] <<< [apiv2][status] POST https://iam.googleapis.com/v1/projects/networksecurity-866ff/serviceAccounts/networksecurity-866ff@appspot.gserviceaccount.com:testIamPermissions 200
[debug] [2025-06-14T01:47:36.723Z] <<< [apiv2][body] POST https://iam.googleapis.com/v1/projects/networksecurity-866ff/serviceAccounts/networksecurity-866ff@appspot.gserviceaccount.com:testIamPermissions {"permissions":["iam.serviceAccounts.actAs"]}
[info] 
[info] === Deploying to 'networksecurity-866ff'...
[info] 
[info] i  deploying functions 
[debug] [2025-06-14T01:47:36.726Z] Checked if tokens are valid: true, expires at: 1749868607490
[debug] [2025-06-14T01:47:36.726Z] Checked if tokens are valid: true, expires at: 1749868607490
[debug] [2025-06-14T01:47:36.726Z] >>> [apiv2][query] GET https://serviceusage.googleapis.com/v1/projects/networksecurity-866ff/services/cloudresourcemanager.googleapis.com [none]
[debug] [2025-06-14T01:47:36.726Z] >>> [apiv2][(partial)header] GET https://serviceusage.googleapis.com/v1/projects/networksecurity-866ff/services/cloudresourcemanager.googleapis.com x-goog-quota-user=projects/networksecurity-866ff
[debug] [2025-06-14T01:47:37.961Z] <<< [apiv2][status] GET https://serviceusage.googleapis.com/v1/projects/networksecurity-866ff/services/cloudresourcemanager.googleapis.com 200
[debug] [2025-06-14T01:47:37.961Z] <<< [apiv2][body] GET https://serviceusage.googleapis.com/v1/projects/networksecurity-866ff/services/cloudresourcemanager.googleapis.com [omitted]
[debug] [2025-06-14T01:47:37.961Z] Checked if tokens are valid: true, expires at: 1749868607490
[debug] [2025-06-14T01:47:37.961Z] Checked if tokens are valid: true, expires at: 1749868607490
[debug] [2025-06-14T01:47:37.962Z] >>> [apiv2][query] GET https://cloudresourcemanager.googleapis.com/v1/projects/networksecurity-866ff [none]
[debug] [2025-06-14T01:47:38.230Z] <<< [apiv2][status] GET https://cloudresourcemanager.googleapis.com/v1/projects/networksecurity-866ff 200
[debug] [2025-06-14T01:47:38.231Z] <<< [apiv2][body] GET https://cloudresourcemanager.googleapis.com/v1/projects/networksecurity-866ff {"projectNumber":"123397344940","projectId":"networksecurity-866ff","lifecycleState":"ACTIVE","name":"NetworkSecurity","labels":{"firebase":"enabled","firebase-core":"disabled"},"createTime":"2025-06-11T11:15:05.739897Z"}
[info] i  functions: preparing codebase default for deployment 
[info] i  functions: ensuring required API cloudfunctions.googleapis.com is enabled... 
[debug] [2025-06-14T01:47:38.232Z] Checked if tokens are valid: true, expires at: 1749868607490
[debug] [2025-06-14T01:47:38.232Z] Checked if tokens are valid: true, expires at: 1749868607490
[debug] [2025-06-14T01:47:38.232Z] Checked if tokens are valid: true, expires at: 1749868607490
[debug] [2025-06-14T01:47:38.232Z] Checked if tokens are valid: true, expires at: 1749868607490
[info] i  functions: ensuring required API cloudbuild.googleapis.com is enabled... 
[debug] [2025-06-14T01:47:38.232Z] Checked if tokens are valid: true, expires at: 1749868607490
[debug] [2025-06-14T01:47:38.232Z] Checked if tokens are valid: true, expires at: 1749868607490
[info] i  artifactregistry: ensuring required API artifactregistry.googleapis.com is enabled... 
[debug] [2025-06-14T01:47:38.233Z] Checked if tokens are valid: true, expires at: 1749868607490
[debug] [2025-06-14T01:47:38.233Z] Checked if tokens are valid: true, expires at: 1749868607490
[debug] [2025-06-14T01:47:38.233Z] >>> [apiv2][query] GET https://serviceusage.googleapis.com/v1/projects/networksecurity-866ff/services/cloudfunctions.googleapis.com [none]
[debug] [2025-06-14T01:47:38.233Z] >>> [apiv2][(partial)header] GET https://serviceusage.googleapis.com/v1/projects/networksecurity-866ff/services/cloudfunctions.googleapis.com x-goog-quota-user=projects/networksecurity-866ff
[debug] [2025-06-14T01:47:38.233Z] >>> [apiv2][query] GET https://serviceusage.googleapis.com/v1/projects/networksecurity-866ff/services/runtimeconfig.googleapis.com [none]
[debug] [2025-06-14T01:47:38.233Z] >>> [apiv2][(partial)header] GET https://serviceusage.googleapis.com/v1/projects/networksecurity-866ff/services/runtimeconfig.googleapis.com x-goog-quota-user=projects/networksecurity-866ff
[debug] [2025-06-14T01:47:38.235Z] >>> [apiv2][query] GET https://serviceusage.googleapis.com/v1/projects/networksecurity-866ff/services/cloudbuild.googleapis.com [none]
[debug] [2025-06-14T01:47:38.235Z] >>> [apiv2][(partial)header] GET https://serviceusage.googleapis.com/v1/projects/networksecurity-866ff/services/cloudbuild.googleapis.com x-goog-quota-user=projects/networksecurity-866ff
[debug] [2025-06-14T01:47:38.237Z] >>> [apiv2][query] GET https://serviceusage.googleapis.com/v1/projects/networksecurity-866ff/services/artifactregistry.googleapis.com [none]
[debug] [2025-06-14T01:47:38.237Z] >>> [apiv2][(partial)header] GET https://serviceusage.googleapis.com/v1/projects/networksecurity-866ff/services/artifactregistry.googleapis.com x-goog-quota-user=projects/networksecurity-866ff
[debug] [2025-06-14T01:47:39.170Z] <<< [apiv2][status] GET https://serviceusage.googleapis.com/v1/projects/networksecurity-866ff/services/cloudfunctions.googleapis.com 200
[debug] [2025-06-14T01:47:39.170Z] <<< [apiv2][body] GET https://serviceusage.googleapis.com/v1/projects/networksecurity-866ff/services/cloudfunctions.googleapis.com [omitted]
[info] +  functions: required API cloudfunctions.googleapis.com is enabled 
[debug] [2025-06-14T01:47:39.333Z] <<< [apiv2][status] GET https://serviceusage.googleapis.com/v1/projects/networksecurity-866ff/services/cloudbuild.googleapis.com 200
[debug] [2025-06-14T01:47:39.333Z] <<< [apiv2][body] GET https://serviceusage.googleapis.com/v1/projects/networksecurity-866ff/services/cloudbuild.googleapis.com [omitted]
[info] +  functions: required API cloudbuild.googleapis.com is enabled 
[debug] [2025-06-14T01:47:39.371Z] <<< [apiv2][status] GET https://serviceusage.googleapis.com/v1/projects/networksecurity-866ff/services/artifactregistry.googleapis.com 200
[debug] [2025-06-14T01:47:39.371Z] <<< [apiv2][body] GET https://serviceusage.googleapis.com/v1/projects/networksecurity-866ff/services/artifactregistry.googleapis.com [omitted]
[info] +  artifactregistry: required API artifactregistry.googleapis.com is enabled 
[debug] [2025-06-14T01:47:39.532Z] <<< [apiv2][status] GET https://serviceusage.googleapis.com/v1/projects/networksecurity-866ff/services/runtimeconfig.googleapis.com 200
[debug] [2025-06-14T01:47:39.533Z] <<< [apiv2][body] GET https://serviceusage.googleapis.com/v1/projects/networksecurity-866ff/services/runtimeconfig.googleapis.com [omitted]
[debug] [2025-06-14T01:47:39.533Z] Checked if tokens are valid: true, expires at: 1749868607490
[debug] [2025-06-14T01:47:39.533Z] Checked if tokens are valid: true, expires at: 1749868607490
[debug] [2025-06-14T01:47:39.533Z] >>> [apiv2][query] GET https://firebase.googleapis.com/v1beta1/projects/networksecurity-866ff/adminSdkConfig [none]
[debug] [2025-06-14T01:47:40.932Z] <<< [apiv2][status] GET https://firebase.googleapis.com/v1beta1/projects/networksecurity-866ff/adminSdkConfig 200
[debug] [2025-06-14T01:47:40.932Z] <<< [apiv2][body] GET https://firebase.googleapis.com/v1beta1/projects/networksecurity-866ff/adminSdkConfig {"projectId":"networksecurity-866ff","databaseURL":"https://networksecurity-866ff-default-rtdb.firebaseio.com","storageBucket":"networksecurity-866ff.firebasestorage.app"}
[debug] [2025-06-14T01:47:40.933Z] Checked if tokens are valid: true, expires at: 1749868607490
[debug] [2025-06-14T01:47:40.933Z] Checked if tokens are valid: true, expires at: 1749868607490
[debug] [2025-06-14T01:47:40.933Z] >>> [apiv2][query] GET https://runtimeconfig.googleapis.com/v1beta1/projects/networksecurity-866ff/configs [none]
[debug] [2025-06-14T01:47:42.196Z] <<< [apiv2][status] GET https://runtimeconfig.googleapis.com/v1beta1/projects/networksecurity-866ff/configs 200
[debug] [2025-06-14T01:47:42.196Z] <<< [apiv2][body] GET https://runtimeconfig.googleapis.com/v1beta1/projects/networksecurity-866ff/configs {}
[debug] [2025-06-14T01:47:42.197Z] Validating nodejs source
[debug] [2025-06-14T01:47:43.260Z] > [functions] package.json contents: {
  "name": "functions",
  "description": "Cloud Functions for Firebase",
  "scripts": {
    "serve": "firebase emulators:start --only functions",
    "shell": "firebase functions:shell",
    "start": "npm run shell",
    "deploy": "firebase deploy --only functions",
    "logs": "firebase functions:log"
  },
  "engines": {
    "node": "22"
  },
  "main": "index.js",
  "dependencies": {
    "firebase-admin": "^12.6.0",
    "firebase-functions": "^6.0.1"
  },
  "devDependencies": {
    "firebase-functions-test": "^3.1.0"
  },
  "private": true
}
[debug] [2025-06-14T01:47:43.260Z] Building nodejs source
[info] i  functions: Loading and analyzing source code for codebase default to determine what to deploy 
[debug] [2025-06-14T01:47:43.261Z] Could not find functions.yaml. Must use http discovery
[debug] [2025-06-14T01:47:43.269Z] Found firebase-functions binary at 'C:\Users\Mert\Desktop\NST 2\kurulum\functions\node_modules\.bin\firebase-functions'
[info] Serving at port 8368

[debug] [2025-06-14T01:47:43.969Z] Got response from /__/functions.yaml {"endpoints":{"getClientIP":{"availableMemoryMb":null,"timeoutSeconds":null,"minInstances":null,"maxInstances":null,"ingressSettings":null,"concurrency":null,"serviceAccountEmail":null,"vpc":null,"platform":"gcfv2","labels":{},"httpsTrigger":{},"entryPoint":"getClientIP"}},"specVersion":"v1alpha1","requiredAPIs":[],"extensions":{}}
[info] i  extensions: ensuring required API firebaseextensions.googleapis.com is enabled... 
[debug] [2025-06-14T01:47:48.003Z] Checked if tokens are valid: true, expires at: 1749868607490
[debug] [2025-06-14T01:47:48.003Z] Checked if tokens are valid: true, expires at: 1749868607490
[debug] [2025-06-14T01:47:48.003Z] >>> [apiv2][query] GET https://serviceusage.googleapis.com/v1/projects/networksecurity-866ff/services/firebaseextensions.googleapis.com [none]
[debug] [2025-06-14T01:47:48.003Z] >>> [apiv2][(partial)header] GET https://serviceusage.googleapis.com/v1/projects/networksecurity-866ff/services/firebaseextensions.googleapis.com x-goog-quota-user=projects/networksecurity-866ff
[debug] [2025-06-14T01:47:49.086Z] <<< [apiv2][status] GET https://serviceusage.googleapis.com/v1/projects/networksecurity-866ff/services/firebaseextensions.googleapis.com 200
[debug] [2025-06-14T01:47:49.086Z] <<< [apiv2][body] GET https://serviceusage.googleapis.com/v1/projects/networksecurity-866ff/services/firebaseextensions.googleapis.com [omitted]
[info] +  extensions: required API firebaseextensions.googleapis.com is enabled 
[debug] [2025-06-14T01:47:49.087Z] > command requires scopes: ["email","openid","https://www.googleapis.com/auth/cloudplatformprojects.readonly","https://www.googleapis.com/auth/firebase","https://www.googleapis.com/auth/cloud-platform"]
[debug] [2025-06-14T01:47:49.087Z] > authorizing via signed-in user (nstkee@gmail.com)
[debug] [2025-06-14T01:47:49.087Z] [iam] checking project networksecurity-866ff for permissions ["firebase.projects.get","firebaseextensions.instances.list"]
[debug] [2025-06-14T01:47:49.087Z] Checked if tokens are valid: true, expires at: 1749868607490
[debug] [2025-06-14T01:47:49.087Z] Checked if tokens are valid: true, expires at: 1749868607490
[debug] [2025-06-14T01:47:49.087Z] >>> [apiv2][query] POST https://cloudresourcemanager.googleapis.com/v1/projects/networksecurity-866ff:testIamPermissions [none]
[debug] [2025-06-14T01:47:49.087Z] >>> [apiv2][(partial)header] POST https://cloudresourcemanager.googleapis.com/v1/projects/networksecurity-866ff:testIamPermissions x-goog-quota-user=projects/networksecurity-866ff
[debug] [2025-06-14T01:47:49.087Z] >>> [apiv2][body] POST https://cloudresourcemanager.googleapis.com/v1/projects/networksecurity-866ff:testIamPermissions {"permissions":["firebase.projects.get","firebaseextensions.instances.list"]}
[debug] [2025-06-14T01:47:50.130Z] <<< [apiv2][status] POST https://cloudresourcemanager.googleapis.com/v1/projects/networksecurity-866ff:testIamPermissions 200
[debug] [2025-06-14T01:47:50.130Z] <<< [apiv2][body] POST https://cloudresourcemanager.googleapis.com/v1/projects/networksecurity-866ff:testIamPermissions {"permissions":["firebase.projects.get","firebaseextensions.instances.list"]}
[debug] [2025-06-14T01:47:50.130Z] Checked if tokens are valid: true, expires at: 1749868607490
[debug] [2025-06-14T01:47:50.130Z] Checked if tokens are valid: true, expires at: 1749868607490
[debug] [2025-06-14T01:47:50.131Z] >>> [apiv2][query] GET https://firebaseextensions.googleapis.com/v1beta/projects/networksecurity-866ff/instances pageSize=100&pageToken=
[debug] [2025-06-14T01:47:51.381Z] <<< [apiv2][status] GET https://firebaseextensions.googleapis.com/v1beta/projects/networksecurity-866ff/instances 200
[debug] [2025-06-14T01:47:51.381Z] <<< [apiv2][body] GET https://firebaseextensions.googleapis.com/v1beta/projects/networksecurity-866ff/instances {}
[info] i  functions: preparing functions directory for uploading... 
[info] i  functions: packaged C:\Users\Mert\Desktop\NST 2\kurulum\functions (61.71 KB) for uploading 
[debug] [2025-06-14T01:47:51.414Z] Checked if tokens are valid: true, expires at: 1749868607490
[debug] [2025-06-14T01:47:51.414Z] Checked if tokens are valid: true, expires at: 1749868607490
[debug] [2025-06-14T01:47:51.415Z] >>> [apiv2][query] GET https://cloudfunctions.googleapis.com/v1/projects/networksecurity-866ff/locations/-/functions [none]
[debug] [2025-06-14T01:47:52.538Z] <<< [apiv2][status] GET https://cloudfunctions.googleapis.com/v1/projects/networksecurity-866ff/locations/-/functions 200
[debug] [2025-06-14T01:47:52.538Z] <<< [apiv2][body] GET https://cloudfunctions.googleapis.com/v1/projects/networksecurity-866ff/locations/-/functions {}
[debug] [2025-06-14T01:47:52.539Z] Checked if tokens are valid: true, expires at: 1749868607490
[debug] [2025-06-14T01:47:52.539Z] Checked if tokens are valid: true, expires at: 1749868607490
[debug] [2025-06-14T01:47:52.539Z] >>> [apiv2][query] GET https://cloudfunctions.googleapis.com/v2/projects/networksecurity-866ff/locations/-/functions filter=environment%3D%22GEN_2%22
[debug] [2025-06-14T01:47:53.687Z] <<< [apiv2][status] GET https://cloudfunctions.googleapis.com/v2/projects/networksecurity-866ff/locations/-/functions 200
[debug] [2025-06-14T01:47:53.687Z] <<< [apiv2][body] GET https://cloudfunctions.googleapis.com/v2/projects/networksecurity-866ff/locations/-/functions {}
[info] i  functions: ensuring required API run.googleapis.com is enabled... 
[debug] [2025-06-14T01:47:53.689Z] Checked if tokens are valid: true, expires at: 1749868607490
[debug] [2025-06-14T01:47:53.689Z] Checked if tokens are valid: true, expires at: 1749868607490
[info] i  functions: ensuring required API eventarc.googleapis.com is enabled... 
[debug] [2025-06-14T01:47:53.689Z] Checked if tokens are valid: true, expires at: 1749868607490
[debug] [2025-06-14T01:47:53.689Z] Checked if tokens are valid: true, expires at: 1749868607490
[info] i  functions: ensuring required API pubsub.googleapis.com is enabled... 
[debug] [2025-06-14T01:47:53.690Z] Checked if tokens are valid: true, expires at: 1749868607490
[debug] [2025-06-14T01:47:53.690Z] Checked if tokens are valid: true, expires at: 1749868607490
[info] i  functions: ensuring required API storage.googleapis.com is enabled... 
[debug] [2025-06-14T01:47:53.690Z] Checked if tokens are valid: true, expires at: 1749868607490
[debug] [2025-06-14T01:47:53.690Z] Checked if tokens are valid: true, expires at: 1749868607490
[debug] [2025-06-14T01:47:53.690Z] >>> [apiv2][query] GET https://serviceusage.googleapis.com/v1/projects/123397344940/services/run.googleapis.com [none]
[debug] [2025-06-14T01:47:53.690Z] >>> [apiv2][(partial)header] GET https://serviceusage.googleapis.com/v1/projects/123397344940/services/run.googleapis.com x-goog-quota-user=projects/123397344940
[debug] [2025-06-14T01:47:53.691Z] >>> [apiv2][query] GET https://serviceusage.googleapis.com/v1/projects/123397344940/services/eventarc.googleapis.com [none]
[debug] [2025-06-14T01:47:53.691Z] >>> [apiv2][(partial)header] GET https://serviceusage.googleapis.com/v1/projects/123397344940/services/eventarc.googleapis.com x-goog-quota-user=projects/123397344940
[debug] [2025-06-14T01:47:53.692Z] >>> [apiv2][query] GET https://serviceusage.googleapis.com/v1/projects/123397344940/services/pubsub.googleapis.com [none]
[debug] [2025-06-14T01:47:53.692Z] >>> [apiv2][(partial)header] GET https://serviceusage.googleapis.com/v1/projects/123397344940/services/pubsub.googleapis.com x-goog-quota-user=projects/123397344940
[debug] [2025-06-14T01:47:53.693Z] >>> [apiv2][query] GET https://serviceusage.googleapis.com/v1/projects/123397344940/services/storage.googleapis.com [none]
[debug] [2025-06-14T01:47:53.693Z] >>> [apiv2][(partial)header] GET https://serviceusage.googleapis.com/v1/projects/123397344940/services/storage.googleapis.com x-goog-quota-user=projects/123397344940
[debug] [2025-06-14T01:47:54.617Z] <<< [apiv2][status] GET https://serviceusage.googleapis.com/v1/projects/123397344940/services/run.googleapis.com 200
[debug] [2025-06-14T01:47:54.618Z] <<< [apiv2][body] GET https://serviceusage.googleapis.com/v1/projects/123397344940/services/run.googleapis.com [omitted]
[info] +  functions: required API run.googleapis.com is enabled 
[debug] [2025-06-14T01:47:54.770Z] <<< [apiv2][status] GET https://serviceusage.googleapis.com/v1/projects/123397344940/services/eventarc.googleapis.com 200
[debug] [2025-06-14T01:47:54.770Z] <<< [apiv2][body] GET https://serviceusage.googleapis.com/v1/projects/123397344940/services/eventarc.googleapis.com [omitted]
[info] +  functions: required API eventarc.googleapis.com is enabled 
[debug] [2025-06-14T01:47:54.779Z] <<< [apiv2][status] GET https://serviceusage.googleapis.com/v1/projects/123397344940/services/pubsub.googleapis.com 200
[debug] [2025-06-14T01:47:54.779Z] <<< [apiv2][body] GET https://serviceusage.googleapis.com/v1/projects/123397344940/services/pubsub.googleapis.com [omitted]
[info] +  functions: required API pubsub.googleapis.com is enabled 
[debug] [2025-06-14T01:47:54.783Z] <<< [apiv2][status] GET https://serviceusage.googleapis.com/v1/projects/123397344940/services/storage.googleapis.com 200
[debug] [2025-06-14T01:47:54.783Z] <<< [apiv2][body] GET https://serviceusage.googleapis.com/v1/projects/123397344940/services/storage.googleapis.com [omitted]
[info] +  functions: required API storage.googleapis.com is enabled 
[info] i  functions: generating the service identity for pubsub.googleapis.com... 
[debug] [2025-06-14T01:47:54.784Z] Checked if tokens are valid: true, expires at: 1749868607490
[debug] [2025-06-14T01:47:54.784Z] Checked if tokens are valid: true, expires at: 1749868607490
[info] i  functions: generating the service identity for eventarc.googleapis.com... 
[debug] [2025-06-14T01:47:54.784Z] Checked if tokens are valid: true, expires at: 1749868607490
[debug] [2025-06-14T01:47:54.785Z] Checked if tokens are valid: true, expires at: 1749868607490
[debug] [2025-06-14T01:47:54.785Z] >>> [apiv2][query] POST https://serviceusage.googleapis.com/v1beta1/projects/123397344940/services/pubsub.googleapis.com:generateServiceIdentity [none]
[debug] [2025-06-14T01:47:54.785Z] >>> [apiv2][query] POST https://serviceusage.googleapis.com/v1beta1/projects/123397344940/services/eventarc.googleapis.com:generateServiceIdentity [none]
[debug] [2025-06-14T01:47:55.771Z] <<< [apiv2][status] POST https://serviceusage.googleapis.com/v1beta1/projects/123397344940/services/eventarc.googleapis.com:generateServiceIdentity 200
[debug] [2025-06-14T01:47:55.771Z] <<< [apiv2][body] POST https://serviceusage.googleapis.com/v1beta1/projects/123397344940/services/eventarc.googleapis.com:generateServiceIdentity {"name":"operations/finished.DONE_OPERATION","done":true,"response":{"@type":"type.googleapis.com/google.api.serviceusage.v1beta1.ServiceIdentity","email":"service-123397344940@gcp-sa-eventarc.iam.gserviceaccount.com","uniqueId":"117247613799455301456"}}
[debug] [2025-06-14T01:47:55.818Z] <<< [apiv2][status] POST https://serviceusage.googleapis.com/v1beta1/projects/123397344940/services/pubsub.googleapis.com:generateServiceIdentity 200
[debug] [2025-06-14T01:47:55.818Z] <<< [apiv2][body] POST https://serviceusage.googleapis.com/v1beta1/projects/123397344940/services/pubsub.googleapis.com:generateServiceIdentity {"name":"operations/finished.DONE_OPERATION","done":true,"response":{"@type":"type.googleapis.com/google.api.serviceusage.v1beta1.ServiceIdentity","email":"service-123397344940@gcp-sa-pubsub.iam.gserviceaccount.com","uniqueId":"113473914933391012819"}}
[debug] [2025-06-14T01:47:55.819Z] Checked if tokens are valid: true, expires at: 1749868607490
[debug] [2025-06-14T01:47:55.819Z] Checked if tokens are valid: true, expires at: 1749868607490
[debug] [2025-06-14T01:47:55.820Z] >>> [apiv2][query] GET https://serviceusage.googleapis.com/v1/projects/networksecurity-866ff/services/cloudresourcemanager.googleapis.com [none]
[debug] [2025-06-14T01:47:55.820Z] >>> [apiv2][(partial)header] GET https://serviceusage.googleapis.com/v1/projects/networksecurity-866ff/services/cloudresourcemanager.googleapis.com x-goog-quota-user=projects/networksecurity-866ff
[debug] [2025-06-14T01:47:56.239Z] <<< [apiv2][status] GET https://serviceusage.googleapis.com/v1/projects/networksecurity-866ff/services/cloudresourcemanager.googleapis.com 200
[debug] [2025-06-14T01:47:56.239Z] <<< [apiv2][body] GET https://serviceusage.googleapis.com/v1/projects/networksecurity-866ff/services/cloudresourcemanager.googleapis.com [omitted]
[debug] [2025-06-14T01:47:56.239Z] Checked if tokens are valid: true, expires at: 1749868607490
[debug] [2025-06-14T01:47:56.239Z] Checked if tokens are valid: true, expires at: 1749868607490
[debug] [2025-06-14T01:47:56.239Z] >>> [apiv2][query] GET https://cloudresourcemanager.googleapis.com/v1/projects/networksecurity-866ff [none]
[debug] [2025-06-14T01:47:56.691Z] <<< [apiv2][status] GET https://cloudresourcemanager.googleapis.com/v1/projects/networksecurity-866ff 200
[debug] [2025-06-14T01:47:56.691Z] <<< [apiv2][body] GET https://cloudresourcemanager.googleapis.com/v1/projects/networksecurity-866ff {"projectNumber":"123397344940","projectId":"networksecurity-866ff","lifecycleState":"ACTIVE","name":"NetworkSecurity","labels":{"firebase":"enabled","firebase-core":"disabled"},"createTime":"2025-06-11T11:15:05.739897Z"}
[debug] [2025-06-14T01:47:56.692Z] Checked if tokens are valid: true, expires at: 1749868607490
[debug] [2025-06-14T01:47:56.692Z] Checked if tokens are valid: true, expires at: 1749868607490
[debug] [2025-06-14T01:47:56.692Z] >>> [apiv2][query] GET https://compute.googleapis.com/compute/v1/projects/123397344940 [none]
[debug] [2025-06-14T01:47:57.211Z] <<< [apiv2][status] GET https://compute.googleapis.com/compute/v1/projects/123397344940 403
[debug] [2025-06-14T01:47:57.211Z] <<< [apiv2][body] GET https://compute.googleapis.com/compute/v1/projects/123397344940 {"error":{"code":403,"message":"Compute Engine API has not been used in project 123397344940 before or it is disabled. Enable it by visiting https://console.developers.google.com/apis/api/compute.googleapis.com/overview?project=123397344940 then retry. If you enabled this API recently, wait a few minutes for the action to propagate to our systems and retry.","errors":[{"message":"Compute Engine API has not been used in project 123397344940 before or it is disabled. Enable it by visiting https://console.developers.google.com/apis/api/compute.googleapis.com/overview?project=123397344940 then retry. If you enabled this API recently, wait a few minutes for the action to propagate to our systems and retry.","domain":"usageLimits","reason":"accessNotConfigured","extendedHelp":"https://console.developers.google.com"}],"status":"PERMISSION_DENIED","details":[{"@type":"type.googleapis.com/google.rpc.ErrorInfo","reason":"SERVICE_DISABLED","domain":"googleapis.com","metadata":{"containerInfo":"123397344940","consumer":"projects/123397344940","service":"compute.googleapis.com","activationUrl":"https://console.developers.google.com/apis/api/compute.googleapis.com/overview?project=123397344940","serviceTitle":"Compute Engine API"}},{"@type":"type.googleapis.com/google.rpc.LocalizedMessage","locale":"en-US","message":"Compute Engine API has not been used in project 123397344940 before or it is disabled. Enable it by visiting https://console.developers.google.com/apis/api/compute.googleapis.com/overview?project=123397344940 then retry. If you enabled this API recently, wait a few minutes for the action to propagate to our systems and retry."},{"@type":"type.googleapis.com/google.rpc.Help","links":[{"description":"Google developers console API activation","url":"https://console.developers.google.com/apis/api/compute.googleapis.com/overview?project=123397344940"}]}]}}
[debug] [2025-06-14T01:47:57.211Z] unable to look up default compute service account. Falling back to 123397344940-compute@developer.gserviceaccount.com. Error: {"name":"FirebaseError","children":[],"context":{"body":{"error":{"code":403,"message":"Compute Engine API has not been used in project 123397344940 before or it is disabled. Enable it by visiting https://console.developers.google.com/apis/api/compute.googleapis.com/overview?project=123397344940 then retry. If you enabled this API recently, wait a few minutes for the action to propagate to our systems and retry.","errors":[{"message":"Compute Engine API has not been used in project 123397344940 before or it is disabled. Enable it by visiting https://console.developers.google.com/apis/api/compute.googleapis.com/overview?project=123397344940 then retry. If you enabled this API recently, wait a few minutes for the action to propagate to our systems and retry.","domain":"usageLimits","reason":"accessNotConfigured","extendedHelp":"https://console.developers.google.com"}],"status":"PERMISSION_DENIED","details":[{"@type":"type.googleapis.com/google.rpc.ErrorInfo","reason":"SERVICE_DISABLED","domain":"googleapis.com","metadata":{"containerInfo":"123397344940","consumer":"projects/123397344940","service":"compute.googleapis.com","activationUrl":"https://console.developers.google.com/apis/api/compute.googleapis.com/overview?project=123397344940","serviceTitle":"Compute Engine API"}},{"@type":"type.googleapis.com/google.rpc.LocalizedMessage","locale":"en-US","message":"Compute Engine API has not been used in project 123397344940 before or it is disabled. Enable it by visiting https://console.developers.google.com/apis/api/compute.googleapis.com/overview?project=123397344940 then retry. If you enabled this API recently, wait a few minutes for the action to propagate to our systems and retry."},{"@type":"type.googleapis.com/google.rpc.Help","links":[{"description":"Google developers console API activation","url":"https://console.developers.google.com/apis/api/compute.googleapis.com/overview?project=123397344940"}]}]}},"response":{"statusCode":403}},"exit":1,"message":"Request to https://compute.googleapis.com/compute/v1/projects/123397344940 had HTTP Error: 403, Compute Engine API has not been used in project 123397344940 before or it is disabled. Enable it by visiting https://console.developers.google.com/apis/api/compute.googleapis.com/overview?project=123397344940 then retry. If you enabled this API recently, wait a few minutes for the action to propagate to our systems and retry.","status":403}
[debug] [2025-06-14T01:47:57.212Z] Checked if tokens are valid: true, expires at: 1749868607490
[debug] [2025-06-14T01:47:57.212Z] Checked if tokens are valid: true, expires at: 1749868607490
[debug] [2025-06-14T01:47:57.212Z] >>> [apiv2][query] GET https://cloudbilling.googleapis.com/v1/projects/networksecurity-866ff/billingInfo [none]
[debug] [2025-06-14T01:47:58.334Z] <<< [apiv2][status] GET https://cloudbilling.googleapis.com/v1/projects/networksecurity-866ff/billingInfo 200
[debug] [2025-06-14T01:47:58.334Z] <<< [apiv2][body] GET https://cloudbilling.googleapis.com/v1/projects/networksecurity-866ff/billingInfo {"name":"projects/networksecurity-866ff/billingInfo","projectId":"networksecurity-866ff","billingAccountName":"billingAccounts/01F3AC-D6D417-8FA94B","billingEnabled":true}
[debug] [2025-06-14T01:47:58.335Z] [functions] found 1 new HTTP functions, testing setIamPolicy permission...
[debug] [2025-06-14T01:47:58.335Z] Checked if tokens are valid: true, expires at: 1749868607490
[debug] [2025-06-14T01:47:58.335Z] Checked if tokens are valid: true, expires at: 1749868607490
[debug] [2025-06-14T01:47:58.335Z] >>> [apiv2][query] POST https://cloudresourcemanager.googleapis.com/v1/projects/networksecurity-866ff:testIamPermissions [none]
[debug] [2025-06-14T01:47:58.335Z] >>> [apiv2][(partial)header] POST https://cloudresourcemanager.googleapis.com/v1/projects/networksecurity-866ff:testIamPermissions x-goog-quota-user=projects/networksecurity-866ff
[debug] [2025-06-14T01:47:58.335Z] >>> [apiv2][body] POST https://cloudresourcemanager.googleapis.com/v1/projects/networksecurity-866ff:testIamPermissions {"permissions":["cloudfunctions.functions.setIamPolicy"]}
[debug] [2025-06-14T01:47:58.573Z] <<< [apiv2][status] POST https://cloudresourcemanager.googleapis.com/v1/projects/networksecurity-866ff:testIamPermissions 200
[debug] [2025-06-14T01:47:58.573Z] <<< [apiv2][body] POST https://cloudresourcemanager.googleapis.com/v1/projects/networksecurity-866ff:testIamPermissions {"permissions":["cloudfunctions.functions.setIamPolicy"]}
[debug] [2025-06-14T01:47:58.573Z] [functions] found setIamPolicy permission, proceeding with deploy
[debug] [2025-06-14T01:47:58.573Z] Checked if tokens are valid: true, expires at: 1749868607490
[debug] [2025-06-14T01:47:58.573Z] Checked if tokens are valid: true, expires at: 1749868607490
[debug] [2025-06-14T01:47:58.574Z] >>> [apiv2][query] POST https://cloudfunctions.googleapis.com/v2/projects/networksecurity-866ff/locations/us-central1/functions:generateUploadUrl [none]
[debug] [2025-06-14T01:47:59.893Z] <<< [apiv2][status] POST https://cloudfunctions.googleapis.com/v2/projects/networksecurity-866ff/locations/us-central1/functions:generateUploadUrl 200
[debug] [2025-06-14T01:47:59.894Z] <<< [apiv2][body] POST https://cloudfunctions.googleapis.com/v2/projects/networksecurity-866ff/locations/us-central1/functions:generateUploadUrl {"uploadUrl":"https://storage.googleapis.com/gcf-v2-uploads-123397344940.us-central1.cloudfunctions.appspot.com/69365703-c46f-45e0-83c1-edaffd7b6382.zip?GoogleAccessId=service-123397344940@gcf-admin-robot.iam.gserviceaccount.com&Expires=1749867479&Signature=HinKmw0591gxmeUUoHC9Aqu%2FOvZMg1RL7mirChiKbvhxW4zXtP3BAJ4AJVHHOYPz1AJQgzqHkKLgEeiV4pVD%2FiogYhkaezzg7q3Lpjys3MXFl7m7t9qvGpoLTq18h30GD%2FVO%2FD6f2NMR3dOud7wnMYawsOsMePMrOsXzTTfPW3ss5b4wVhbbCr6Ak9VWf8O4DOmEULqZrYNQcrjtDjAjJtRN%2BLV%2BvtsORCxkEEEVi0NWoEmbyBaGGQSojxGwFG8OI9fMX932lirIH4vgURT6q2O5tZyieR0xKmsjbkcC2I2VPDp5gAzZwClgIKeJT1DzYbP80Pf7hliJW0MaP6dVtQ%3D%3D","storageSource":{"bucket":"gcf-v2-uploads-123397344940.us-central1.cloudfunctions.appspot.com","object":"69365703-c46f-45e0-83c1-edaffd7b6382.zip"}}
[debug] [2025-06-14T01:47:59.894Z] >>> [apiv2][query] PUT https://storage.googleapis.com/gcf-v2-uploads-123397344940.us-central1.cloudfunctions.appspot.com/69365703-c46f-45e0-83c1-edaffd7b6382.zip GoogleAccessId=service-123397344940%40gcf-admin-robot.iam.gserviceaccount.com&Expires=1749867479&Signature=HinKmw0591gxmeUUoHC9Aqu%2FOvZMg1RL7mirChiKbvhxW4zXtP3BAJ4AJVHHOYPz1AJQgzqHkKLgEeiV4pVD%2FiogYhkaezzg7q3Lpjys3MXFl7m7t9qvGpoLTq18h30GD%2FVO%2FD6f2NMR3dOud7wnMYawsOsMePMrOsXzTTfPW3ss5b4wVhbbCr6Ak9VWf8O4DOmEULqZrYNQcrjtDjAjJtRN%2BLV%2BvtsORCxkEEEVi0NWoEmbyBaGGQSojxGwFG8OI9fMX932lirIH4vgURT6q2O5tZyieR0xKmsjbkcC2I2VPDp5gAzZwClgIKeJT1DzYbP80Pf7hliJW0MaP6dVtQ%3D%3D
[debug] [2025-06-14T01:47:59.894Z] >>> [apiv2][body] PUT https://storage.googleapis.com/gcf-v2-uploads-123397344940.us-central1.cloudfunctions.appspot.com/69365703-c46f-45e0-83c1-edaffd7b6382.zip [stream]
[debug] [2025-06-14T01:48:01.620Z] <<< [apiv2][status] PUT https://storage.googleapis.com/gcf-v2-uploads-123397344940.us-central1.cloudfunctions.appspot.com/69365703-c46f-45e0-83c1-edaffd7b6382.zip 200
[debug] [2025-06-14T01:48:01.620Z] <<< [apiv2][body] PUT https://storage.googleapis.com/gcf-v2-uploads-123397344940.us-central1.cloudfunctions.appspot.com/69365703-c46f-45e0-83c1-edaffd7b6382.zip [omitted]
[info] +  functions: functions folder uploaded successfully 
[info] i  functions: creating Node.js 22 (2nd Gen) function getClientIP(us-central1)... 
[debug] [2025-06-14T01:48:01.624Z] Checked if tokens are valid: true, expires at: 1749868607490
[debug] [2025-06-14T01:48:01.624Z] Checked if tokens are valid: true, expires at: 1749868607490
[debug] [2025-06-14T01:48:01.624Z] >>> [apiv2][query] POST https://cloudfunctions.googleapis.com/v2/projects/networksecurity-866ff/locations/us-central1/functions functionId=getClientIP
[debug] [2025-06-14T01:48:01.625Z] >>> [apiv2][body] POST https://cloudfunctions.googleapis.com/v2/projects/networksecurity-866ff/locations/us-central1/functions {"name":"projects/networksecurity-866ff/locations/us-central1/functions/getClientIP","buildConfig":{"runtime":"nodejs22","entryPoint":"getClientIP","source":{"storageSource":{"bucket":"gcf-v2-uploads-123397344940.us-central1.cloudfunctions.appspot.com","object":"69365703-c46f-45e0-83c1-edaffd7b6382.zip"}},"environmentVariables":{"GOOGLE_NODE_RUN_SCRIPTS":""}},"serviceConfig":{"environmentVariables":{"FIREBASE_CONFIG":"{\"projectId\":\"networksecurity-866ff\",\"databaseURL\":\"https://networksecurity-866ff-default-rtdb.firebaseio.com\",\"storageBucket\":\"networksecurity-866ff.firebasestorage.app\"}","GCLOUD_PROJECT":"networksecurity-866ff","EVENTARC_CLOUD_EVENT_SOURCE":"projects/networksecurity-866ff/locations/us-central1/services/getClientIP","FUNCTION_TARGET":"getClientIP","LOG_EXECUTION_ID":"true"},"ingressSettings":null,"timeoutSeconds":null,"serviceAccountEmail":null,"availableMemory":"256Mi","minInstanceCount":null,"maxInstanceCount":null,"maxInstanceRequestConcurrency":80,"availableCpu":"1","vpcConnector":null,"vpcConnectorEgressSettings":null},"labels":{"deployment-tool":"cli-firebase","firebase-functions-hash":"d46ba9a9c430942edfac8e67c6d074c31e00af3d"}}
[debug] [2025-06-14T01:48:03.731Z] <<< [apiv2][status] POST https://cloudfunctions.googleapis.com/v2/projects/networksecurity-866ff/locations/us-central1/functions 200
[debug] [2025-06-14T01:48:03.731Z] <<< [apiv2][body] POST https://cloudfunctions.googleapis.com/v2/projects/networksecurity-866ff/locations/us-central1/functions {"name":"projects/networksecurity-866ff/locations/us-central1/operations/operation-1749865682005-6377e5a616f08-152be097-938d1d4b","metadata":{"@type":"type.googleapis.com/google.cloud.functions.v2.OperationMetadata","createTime":"2025-06-14T01:48:03.180378829Z","target":"projects/networksecurity-866ff/locations/us-central1/functions/getClientIP","verb":"create","cancelRequested":false,"apiVersion":"v2"},"done":false}
[debug] [2025-06-14T01:48:03.731Z] Checked if tokens are valid: true, expires at: 1749868607490
[debug] [2025-06-14T01:48:03.732Z] Checked if tokens are valid: true, expires at: 1749868607490
[debug] [2025-06-14T01:48:03.732Z] >>> [apiv2][query] GET https://cloudfunctions.googleapis.com/v2/projects/networksecurity-866ff/locations/us-central1/operations/operation-1749865682005-6377e5a616f08-152be097-938d1d4b [none]
[debug] [2025-06-14T01:48:04.616Z] <<< [apiv2][status] GET https://cloudfunctions.googleapis.com/v2/projects/networksecurity-866ff/locations/us-central1/operations/operation-1749865682005-6377e5a616f08-152be097-938d1d4b 200
[debug] [2025-06-14T01:48:04.616Z] <<< [apiv2][body] GET https://cloudfunctions.googleapis.com/v2/projects/networksecurity-866ff/locations/us-central1/operations/operation-1749865682005-6377e5a616f08-152be097-938d1d4b {"name":"projects/networksecurity-866ff/locations/us-central1/operations/operation-1749865682005-6377e5a616f08-152be097-938d1d4b","metadata":{"@type":"type.googleapis.com/google.cloud.functions.v2.OperationMetadata","createTime":"2025-06-14T01:48:03.180378829Z","target":"projects/networksecurity-866ff/locations/us-central1/functions/getClientIP","verb":"create","cancelRequested":false,"apiVersion":"v2","requestResource":{"@type":"type.googleapis.com/google.cloud.functions.v2.Function","name":"projects/networksecurity-866ff/locations/us-central1/functions/getClientIP","buildConfig":{"runtime":"nodejs22","entryPoint":"getClientIP","source":{"storageSource":{"bucket":"gcf-v2-sources-123397344940-us-central1","object":"getClientIP/function-source.zip","generation":"1749865682868868"}},"environmentVariables":{"GOOGLE_NODE_RUN_SCRIPTS":""},"serviceAccount":"projects/networksecurity-866ff/serviceAccounts/123397344940-compute@developer.gserviceaccount.com","automaticUpdatePolicy":{}},"serviceConfig":{"service":"projects/networksecurity-866ff/locations/us-central1/services/getclientip","timeoutSeconds":60,"environmentVariables":{"FIREBASE_CONFIG":"{\"projectId\":\"networksecurity-866ff\",\"databaseURL\":\"https://networksecurity-866ff-default-rtdb.firebaseio.com\",\"storageBucket\":\"networksecurity-866ff.firebasestorage.app\"}","GCLOUD_PROJECT":"networksecurity-866ff","EVENTARC_CLOUD_EVENT_SOURCE":"projects/networksecurity-866ff/locations/us-central1/services/getClientIP","FUNCTION_TARGET":"getClientIP","LOG_EXECUTION_ID":"true"},"ingressSettings":"ALLOW_ALL","serviceAccountEmail":"123397344940-compute@developer.gserviceaccount.com","availableMemory":"256Mi","maxInstanceRequestConcurrency":80,"availableCpu":"1"},"labels":{"deployment-tool":"cli-firebase","firebase-functions-hash":"d46ba9a9c430942edfac8e67c6d074c31e00af3d"},"environment":"GEN_2"},"stages":[{"name":"BUILD","state":"NOT_STARTED"},{"name":"SERVICE","state":"NOT_STARTED"}],"operationType":"CREATE_FUNCTION"},"done":false}
[debug] [2025-06-14T01:48:05.122Z] [create-default-us-central1-getClientIP] Retrying task index 0
[debug] [2025-06-14T01:48:05.122Z] Checked if tokens are valid: true, expires at: 1749868607490
[debug] [2025-06-14T01:48:05.122Z] Checked if tokens are valid: true, expires at: 1749868607490
[debug] [2025-06-14T01:48:05.122Z] >>> [apiv2][query] GET https://cloudfunctions.googleapis.com/v2/projects/networksecurity-866ff/locations/us-central1/operations/operation-1749865682005-6377e5a616f08-152be097-938d1d4b [none]
[debug] [2025-06-14T01:48:06.065Z] <<< [apiv2][status] GET https://cloudfunctions.googleapis.com/v2/projects/networksecurity-866ff/locations/us-central1/operations/operation-1749865682005-6377e5a616f08-152be097-938d1d4b 200
[debug] [2025-06-14T01:48:06.065Z] <<< [apiv2][body] GET https://cloudfunctions.googleapis.com/v2/projects/networksecurity-866ff/locations/us-central1/operations/operation-1749865682005-6377e5a616f08-152be097-938d1d4b {"name":"projects/networksecurity-866ff/locations/us-central1/operations/operation-1749865682005-6377e5a616f08-152be097-938d1d4b","metadata":{"@type":"type.googleapis.com/google.cloud.functions.v2.OperationMetadata","createTime":"2025-06-14T01:48:03.180378829Z","target":"projects/networksecurity-866ff/locations/us-central1/functions/getClientIP","verb":"create","cancelRequested":false,"apiVersion":"v2","requestResource":{"@type":"type.googleapis.com/google.cloud.functions.v2.Function","name":"projects/networksecurity-866ff/locations/us-central1/functions/getClientIP","buildConfig":{"runtime":"nodejs22","entryPoint":"getClientIP","source":{"storageSource":{"bucket":"gcf-v2-sources-123397344940-us-central1","object":"getClientIP/function-source.zip","generation":"1749865682868868"}},"environmentVariables":{"GOOGLE_NODE_RUN_SCRIPTS":""},"serviceAccount":"projects/networksecurity-866ff/serviceAccounts/123397344940-compute@developer.gserviceaccount.com","automaticUpdatePolicy":{}},"serviceConfig":{"service":"projects/networksecurity-866ff/locations/us-central1/services/getclientip","timeoutSeconds":60,"environmentVariables":{"FIREBASE_CONFIG":"{\"projectId\":\"networksecurity-866ff\",\"databaseURL\":\"https://networksecurity-866ff-default-rtdb.firebaseio.com\",\"storageBucket\":\"networksecurity-866ff.firebasestorage.app\"}","GCLOUD_PROJECT":"networksecurity-866ff","EVENTARC_CLOUD_EVENT_SOURCE":"projects/networksecurity-866ff/locations/us-central1/services/getClientIP","FUNCTION_TARGET":"getClientIP","LOG_EXECUTION_ID":"true"},"ingressSettings":"ALLOW_ALL","serviceAccountEmail":"123397344940-compute@developer.gserviceaccount.com","availableMemory":"256Mi","maxInstanceRequestConcurrency":80,"availableCpu":"1"},"labels":{"deployment-tool":"cli-firebase","firebase-functions-hash":"d46ba9a9c430942edfac8e67c6d074c31e00af3d"},"environment":"GEN_2"},"stages":[{"name":"BUILD","state":"NOT_STARTED"},{"name":"SERVICE","state":"NOT_STARTED"}],"operationType":"CREATE_FUNCTION"},"done":false}
[debug] [2025-06-14T01:48:07.074Z] [create-default-us-central1-getClientIP] Retrying task index 0
[debug] [2025-06-14T01:48:07.074Z] Checked if tokens are valid: true, expires at: 1749868607490
[debug] [2025-06-14T01:48:07.074Z] Checked if tokens are valid: true, expires at: 1749868607490
[debug] [2025-06-14T01:48:07.074Z] >>> [apiv2][query] GET https://cloudfunctions.googleapis.com/v2/projects/networksecurity-866ff/locations/us-central1/operations/operation-1749865682005-6377e5a616f08-152be097-938d1d4b [none]
[debug] [2025-06-14T01:48:07.954Z] <<< [apiv2][status] GET https://cloudfunctions.googleapis.com/v2/projects/networksecurity-866ff/locations/us-central1/operations/operation-1749865682005-6377e5a616f08-152be097-938d1d4b 200
[debug] [2025-06-14T01:48:07.954Z] <<< [apiv2][body] GET https://cloudfunctions.googleapis.com/v2/projects/networksecurity-866ff/locations/us-central1/operations/operation-1749865682005-6377e5a616f08-152be097-938d1d4b {"name":"projects/networksecurity-866ff/locations/us-central1/operations/operation-1749865682005-6377e5a616f08-152be097-938d1d4b","metadata":{"@type":"type.googleapis.com/google.cloud.functions.v2.OperationMetadata","createTime":"2025-06-14T01:48:03.180378829Z","target":"projects/networksecurity-866ff/locations/us-central1/functions/getClientIP","verb":"create","cancelRequested":false,"apiVersion":"v2","requestResource":{"@type":"type.googleapis.com/google.cloud.functions.v2.Function","name":"projects/networksecurity-866ff/locations/us-central1/functions/getClientIP","buildConfig":{"runtime":"nodejs22","entryPoint":"getClientIP","source":{"storageSource":{"bucket":"gcf-v2-sources-123397344940-us-central1","object":"getClientIP/function-source.zip","generation":"1749865682868868"}},"environmentVariables":{"GOOGLE_NODE_RUN_SCRIPTS":""},"serviceAccount":"projects/networksecurity-866ff/serviceAccounts/123397344940-compute@developer.gserviceaccount.com","automaticUpdatePolicy":{}},"serviceConfig":{"service":"projects/networksecurity-866ff/locations/us-central1/services/getclientip","timeoutSeconds":60,"environmentVariables":{"FIREBASE_CONFIG":"{\"projectId\":\"networksecurity-866ff\",\"databaseURL\":\"https://networksecurity-866ff-default-rtdb.firebaseio.com\",\"storageBucket\":\"networksecurity-866ff.firebasestorage.app\"}","GCLOUD_PROJECT":"networksecurity-866ff","EVENTARC_CLOUD_EVENT_SOURCE":"projects/networksecurity-866ff/locations/us-central1/services/getClientIP","FUNCTION_TARGET":"getClientIP","LOG_EXECUTION_ID":"true"},"ingressSettings":"ALLOW_ALL","serviceAccountEmail":"123397344940-compute@developer.gserviceaccount.com","availableMemory":"256Mi","maxInstanceRequestConcurrency":80,"availableCpu":"1"},"labels":{"deployment-tool":"cli-firebase","firebase-functions-hash":"d46ba9a9c430942edfac8e67c6d074c31e00af3d"},"environment":"GEN_2"},"stages":[{"name":"BUILD","state":"NOT_STARTED"},{"name":"SERVICE","state":"NOT_STARTED"}],"operationType":"CREATE_FUNCTION"},"done":false}
[debug] [2025-06-14T01:48:09.955Z] [create-default-us-central1-getClientIP] Retrying task index 0
[debug] [2025-06-14T01:48:09.955Z] Checked if tokens are valid: true, expires at: 1749868607490
[debug] [2025-06-14T01:48:09.955Z] Checked if tokens are valid: true, expires at: 1749868607490
[debug] [2025-06-14T01:48:09.955Z] >>> [apiv2][query] GET https://cloudfunctions.googleapis.com/v2/projects/networksecurity-866ff/locations/us-central1/operations/operation-1749865682005-6377e5a616f08-152be097-938d1d4b [none]
[debug] [2025-06-14T01:48:10.821Z] <<< [apiv2][status] GET https://cloudfunctions.googleapis.com/v2/projects/networksecurity-866ff/locations/us-central1/operations/operation-1749865682005-6377e5a616f08-152be097-938d1d4b 200
[debug] [2025-06-14T01:48:10.821Z] <<< [apiv2][body] GET https://cloudfunctions.googleapis.com/v2/projects/networksecurity-866ff/locations/us-central1/operations/operation-1749865682005-6377e5a616f08-152be097-938d1d4b {"name":"projects/networksecurity-866ff/locations/us-central1/operations/operation-1749865682005-6377e5a616f08-152be097-938d1d4b","metadata":{"@type":"type.googleapis.com/google.cloud.functions.v2.OperationMetadata","createTime":"2025-06-14T01:48:03.180378829Z","target":"projects/networksecurity-866ff/locations/us-central1/functions/getClientIP","verb":"create","cancelRequested":false,"apiVersion":"v2","requestResource":{"@type":"type.googleapis.com/google.cloud.functions.v2.Function","name":"projects/networksecurity-866ff/locations/us-central1/functions/getClientIP","buildConfig":{"runtime":"nodejs22","entryPoint":"getClientIP","source":{"storageSource":{"bucket":"gcf-v2-sources-123397344940-us-central1","object":"getClientIP/function-source.zip","generation":"1749865682868868"}},"environmentVariables":{"GOOGLE_NODE_RUN_SCRIPTS":""},"serviceAccount":"projects/networksecurity-866ff/serviceAccounts/123397344940-compute@developer.gserviceaccount.com","automaticUpdatePolicy":{}},"serviceConfig":{"service":"projects/networksecurity-866ff/locations/us-central1/services/getclientip","timeoutSeconds":60,"environmentVariables":{"FIREBASE_CONFIG":"{\"projectId\":\"networksecurity-866ff\",\"databaseURL\":\"https://networksecurity-866ff-default-rtdb.firebaseio.com\",\"storageBucket\":\"networksecurity-866ff.firebasestorage.app\"}","GCLOUD_PROJECT":"networksecurity-866ff","EVENTARC_CLOUD_EVENT_SOURCE":"projects/networksecurity-866ff/locations/us-central1/services/getClientIP","FUNCTION_TARGET":"getClientIP","LOG_EXECUTION_ID":"true"},"ingressSettings":"ALLOW_ALL","serviceAccountEmail":"123397344940-compute@developer.gserviceaccount.com","availableMemory":"256Mi","maxInstanceRequestConcurrency":80,"availableCpu":"1"},"labels":{"deployment-tool":"cli-firebase","firebase-functions-hash":"d46ba9a9c430942edfac8e67c6d074c31e00af3d"},"environment":"GEN_2"},"stages":[{"name":"BUILD","state":"NOT_STARTED"},{"name":"SERVICE","state":"NOT_STARTED"}],"operationType":"CREATE_FUNCTION"},"done":false}
[debug] [2025-06-14T01:48:14.824Z] [create-default-us-central1-getClientIP] Retrying task index 0
[debug] [2025-06-14T01:48:14.825Z] Checked if tokens are valid: true, expires at: 1749868607490
[debug] [2025-06-14T01:48:14.825Z] Checked if tokens are valid: true, expires at: 1749868607490
[debug] [2025-06-14T01:48:14.825Z] >>> [apiv2][query] GET https://cloudfunctions.googleapis.com/v2/projects/networksecurity-866ff/locations/us-central1/operations/operation-1749865682005-6377e5a616f08-152be097-938d1d4b [none]
[debug] [2025-06-14T01:48:15.076Z] <<< [apiv2][status] GET https://cloudfunctions.googleapis.com/v2/projects/networksecurity-866ff/locations/us-central1/operations/operation-1749865682005-6377e5a616f08-152be097-938d1d4b 200
[debug] [2025-06-14T01:48:15.076Z] <<< [apiv2][body] GET https://cloudfunctions.googleapis.com/v2/projects/networksecurity-866ff/locations/us-central1/operations/operation-1749865682005-6377e5a616f08-152be097-938d1d4b {"name":"projects/networksecurity-866ff/locations/us-central1/operations/operation-1749865682005-6377e5a616f08-152be097-938d1d4b","metadata":{"@type":"type.googleapis.com/google.cloud.functions.v2.OperationMetadata","createTime":"2025-06-14T01:48:03.180378829Z","target":"projects/networksecurity-866ff/locations/us-central1/functions/getClientIP","verb":"create","cancelRequested":false,"apiVersion":"v2","requestResource":{"@type":"type.googleapis.com/google.cloud.functions.v2.Function","name":"projects/networksecurity-866ff/locations/us-central1/functions/getClientIP","buildConfig":{"runtime":"nodejs22","entryPoint":"getClientIP","source":{"storageSource":{"bucket":"gcf-v2-sources-123397344940-us-central1","object":"getClientIP/function-source.zip","generation":"1749865682868868"}},"environmentVariables":{"GOOGLE_NODE_RUN_SCRIPTS":""},"serviceAccount":"projects/networksecurity-866ff/serviceAccounts/123397344940-compute@developer.gserviceaccount.com","automaticUpdatePolicy":{}},"serviceConfig":{"service":"projects/networksecurity-866ff/locations/us-central1/services/getclientip","timeoutSeconds":60,"environmentVariables":{"FIREBASE_CONFIG":"{\"projectId\":\"networksecurity-866ff\",\"databaseURL\":\"https://networksecurity-866ff-default-rtdb.firebaseio.com\",\"storageBucket\":\"networksecurity-866ff.firebasestorage.app\"}","GCLOUD_PROJECT":"networksecurity-866ff","EVENTARC_CLOUD_EVENT_SOURCE":"projects/networksecurity-866ff/locations/us-central1/services/getClientIP","FUNCTION_TARGET":"getClientIP","LOG_EXECUTION_ID":"true"},"ingressSettings":"ALLOW_ALL","serviceAccountEmail":"123397344940-compute@developer.gserviceaccount.com","availableMemory":"256Mi","maxInstanceRequestConcurrency":80,"availableCpu":"1"},"labels":{"deployment-tool":"cli-firebase","firebase-functions-hash":"d46ba9a9c430942edfac8e67c6d074c31e00af3d"},"environment":"GEN_2"},"stages":[{"name":"BUILD","state":"NOT_STARTED"},{"name":"SERVICE","state":"NOT_STARTED"}],"operationType":"CREATE_FUNCTION"},"done":false}
[debug] [2025-06-14T01:48:23.079Z] [create-default-us-central1-getClientIP] Retrying task index 0
[debug] [2025-06-14T01:48:23.079Z] Checked if tokens are valid: true, expires at: 1749868607490
[debug] [2025-06-14T01:48:23.079Z] Checked if tokens are valid: true, expires at: 1749868607490
[debug] [2025-06-14T01:48:23.079Z] >>> [apiv2][query] GET https://cloudfunctions.googleapis.com/v2/projects/networksecurity-866ff/locations/us-central1/operations/operation-1749865682005-6377e5a616f08-152be097-938d1d4b [none]
[debug] [2025-06-14T01:48:24.129Z] <<< [apiv2][status] GET https://cloudfunctions.googleapis.com/v2/projects/networksecurity-866ff/locations/us-central1/operations/operation-1749865682005-6377e5a616f08-152be097-938d1d4b 200
[debug] [2025-06-14T01:48:24.129Z] <<< [apiv2][body] GET https://cloudfunctions.googleapis.com/v2/projects/networksecurity-866ff/locations/us-central1/operations/operation-1749865682005-6377e5a616f08-152be097-938d1d4b {"name":"projects/networksecurity-866ff/locations/us-central1/operations/operation-1749865682005-6377e5a616f08-152be097-938d1d4b","metadata":{"@type":"type.googleapis.com/google.cloud.functions.v2.OperationMetadata","createTime":"2025-06-14T01:48:03.180378829Z","target":"projects/networksecurity-866ff/locations/us-central1/functions/getClientIP","verb":"create","cancelRequested":false,"apiVersion":"v2","requestResource":{"@type":"type.googleapis.com/google.cloud.functions.v2.Function","name":"projects/networksecurity-866ff/locations/us-central1/functions/getClientIP","buildConfig":{"runtime":"nodejs22","entryPoint":"getClientIP","source":{"storageSource":{"bucket":"gcf-v2-sources-123397344940-us-central1","object":"getClientIP/function-source.zip","generation":"1749865682868868"}},"environmentVariables":{"GOOGLE_NODE_RUN_SCRIPTS":""},"serviceAccount":"projects/networksecurity-866ff/serviceAccounts/123397344940-compute@developer.gserviceaccount.com","automaticUpdatePolicy":{}},"serviceConfig":{"service":"projects/networksecurity-866ff/locations/us-central1/services/getclientip","timeoutSeconds":60,"environmentVariables":{"FIREBASE_CONFIG":"{\"projectId\":\"networksecurity-866ff\",\"databaseURL\":\"https://networksecurity-866ff-default-rtdb.firebaseio.com\",\"storageBucket\":\"networksecurity-866ff.firebasestorage.app\"}","GCLOUD_PROJECT":"networksecurity-866ff","EVENTARC_CLOUD_EVENT_SOURCE":"projects/networksecurity-866ff/locations/us-central1/services/getClientIP","FUNCTION_TARGET":"getClientIP","LOG_EXECUTION_ID":"true"},"ingressSettings":"ALLOW_ALL","serviceAccountEmail":"123397344940-compute@developer.gserviceaccount.com","availableMemory":"256Mi","maxInstanceRequestConcurrency":80,"availableCpu":"1"},"labels":{"deployment-tool":"cli-firebase","firebase-functions-hash":"d46ba9a9c430942edfac8e67c6d074c31e00af3d"},"environment":"GEN_2"},"stages":[{"name":"BUILD","state":"NOT_STARTED"},{"name":"SERVICE","state":"NOT_STARTED"}],"operationType":"CREATE_FUNCTION"},"done":false}
[debug] [2025-06-14T01:48:34.141Z] [create-default-us-central1-getClientIP] Retrying task index 0
[debug] [2025-06-14T01:48:34.141Z] Checked if tokens are valid: true, expires at: 1749868607490
[debug] [2025-06-14T01:48:34.141Z] Checked if tokens are valid: true, expires at: 1749868607490
[debug] [2025-06-14T01:48:34.141Z] >>> [apiv2][query] GET https://cloudfunctions.googleapis.com/v2/projects/networksecurity-866ff/locations/us-central1/operations/operation-1749865682005-6377e5a616f08-152be097-938d1d4b [none]
[debug] [2025-06-14T01:48:35.204Z] <<< [apiv2][status] GET https://cloudfunctions.googleapis.com/v2/projects/networksecurity-866ff/locations/us-central1/operations/operation-1749865682005-6377e5a616f08-152be097-938d1d4b 200
[debug] [2025-06-14T01:48:35.204Z] <<< [apiv2][body] GET https://cloudfunctions.googleapis.com/v2/projects/networksecurity-866ff/locations/us-central1/operations/operation-1749865682005-6377e5a616f08-152be097-938d1d4b {"name":"projects/networksecurity-866ff/locations/us-central1/operations/operation-1749865682005-6377e5a616f08-152be097-938d1d4b","metadata":{"@type":"type.googleapis.com/google.cloud.functions.v2.OperationMetadata","createTime":"2025-06-14T01:48:03.180378829Z","target":"projects/networksecurity-866ff/locations/us-central1/functions/getClientIP","verb":"create","cancelRequested":false,"apiVersion":"v2","requestResource":{"@type":"type.googleapis.com/google.cloud.functions.v2.Function","name":"projects/networksecurity-866ff/locations/us-central1/functions/getClientIP","buildConfig":{"runtime":"nodejs22","entryPoint":"getClientIP","source":{"storageSource":{"bucket":"gcf-v2-sources-123397344940-us-central1","object":"getClientIP/function-source.zip","generation":"1749865682868868"}},"environmentVariables":{"GOOGLE_NODE_RUN_SCRIPTS":""},"serviceAccount":"projects/networksecurity-866ff/serviceAccounts/123397344940-compute@developer.gserviceaccount.com","automaticUpdatePolicy":{}},"serviceConfig":{"service":"projects/networksecurity-866ff/locations/us-central1/services/getclientip","timeoutSeconds":60,"environmentVariables":{"FIREBASE_CONFIG":"{\"projectId\":\"networksecurity-866ff\",\"databaseURL\":\"https://networksecurity-866ff-default-rtdb.firebaseio.com\",\"storageBucket\":\"networksecurity-866ff.firebasestorage.app\"}","GCLOUD_PROJECT":"networksecurity-866ff","EVENTARC_CLOUD_EVENT_SOURCE":"projects/networksecurity-866ff/locations/us-central1/services/getClientIP","FUNCTION_TARGET":"getClientIP","LOG_EXECUTION_ID":"true"},"ingressSettings":"ALLOW_ALL","serviceAccountEmail":"123397344940-compute@developer.gserviceaccount.com","availableMemory":"256Mi","maxInstanceRequestConcurrency":80,"availableCpu":"1"},"labels":{"deployment-tool":"cli-firebase","firebase-functions-hash":"d46ba9a9c430942edfac8e67c6d074c31e00af3d"},"environment":"GEN_2"},"stages":[{"name":"BUILD","message":"Build in progress","state":"IN_PROGRESS","resource":"projects/123397344940/locations/us-central1/builds/42f43319-a5fa-4325-b54a-cf4f50515e12","resourceUri":"https://console.cloud.google.com/cloud-build/builds;region=us-central1/42f43319-a5fa-4325-b54a-cf4f50515e12?project=123397344940"},{"name":"SERVICE","state":"NOT_STARTED"}],"operationType":"CREATE_FUNCTION","buildName":"projects/123397344940/locations/us-central1/builds/42f43319-a5fa-4325-b54a-cf4f50515e12"},"done":false}
[debug] [2025-06-14T01:48:45.210Z] [create-default-us-central1-getClientIP] Retrying task index 0
[debug] [2025-06-14T01:48:45.210Z] Checked if tokens are valid: true, expires at: 1749868607490
[debug] [2025-06-14T01:48:45.210Z] Checked if tokens are valid: true, expires at: 1749868607490
[debug] [2025-06-14T01:48:45.210Z] >>> [apiv2][query] GET https://cloudfunctions.googleapis.com/v2/projects/networksecurity-866ff/locations/us-central1/operations/operation-1749865682005-6377e5a616f08-152be097-938d1d4b [none]
[debug] [2025-06-14T01:48:46.260Z] <<< [apiv2][status] GET https://cloudfunctions.googleapis.com/v2/projects/networksecurity-866ff/locations/us-central1/operations/operation-1749865682005-6377e5a616f08-152be097-938d1d4b 200
[debug] [2025-06-14T01:48:46.260Z] <<< [apiv2][body] GET https://cloudfunctions.googleapis.com/v2/projects/networksecurity-866ff/locations/us-central1/operations/operation-1749865682005-6377e5a616f08-152be097-938d1d4b {"name":"projects/networksecurity-866ff/locations/us-central1/operations/operation-1749865682005-6377e5a616f08-152be097-938d1d4b","metadata":{"@type":"type.googleapis.com/google.cloud.functions.v2.OperationMetadata","createTime":"2025-06-14T01:48:03.180378829Z","target":"projects/networksecurity-866ff/locations/us-central1/functions/getClientIP","verb":"create","cancelRequested":false,"apiVersion":"v2","requestResource":{"@type":"type.googleapis.com/google.cloud.functions.v2.Function","name":"projects/networksecurity-866ff/locations/us-central1/functions/getClientIP","buildConfig":{"runtime":"nodejs22","entryPoint":"getClientIP","source":{"storageSource":{"bucket":"gcf-v2-sources-123397344940-us-central1","object":"getClientIP/function-source.zip","generation":"1749865682868868"}},"environmentVariables":{"GOOGLE_NODE_RUN_SCRIPTS":""},"serviceAccount":"projects/networksecurity-866ff/serviceAccounts/123397344940-compute@developer.gserviceaccount.com","automaticUpdatePolicy":{}},"serviceConfig":{"service":"projects/networksecurity-866ff/locations/us-central1/services/getclientip","timeoutSeconds":60,"environmentVariables":{"FIREBASE_CONFIG":"{\"projectId\":\"networksecurity-866ff\",\"databaseURL\":\"https://networksecurity-866ff-default-rtdb.firebaseio.com\",\"storageBucket\":\"networksecurity-866ff.firebasestorage.app\"}","GCLOUD_PROJECT":"networksecurity-866ff","EVENTARC_CLOUD_EVENT_SOURCE":"projects/networksecurity-866ff/locations/us-central1/services/getClientIP","FUNCTION_TARGET":"getClientIP","LOG_EXECUTION_ID":"true"},"ingressSettings":"ALLOW_ALL","serviceAccountEmail":"123397344940-compute@developer.gserviceaccount.com","availableMemory":"256Mi","maxInstanceRequestConcurrency":80,"availableCpu":"1"},"labels":{"deployment-tool":"cli-firebase","firebase-functions-hash":"d46ba9a9c430942edfac8e67c6d074c31e00af3d"},"environment":"GEN_2"},"stages":[{"name":"BUILD","message":"Build in progress","state":"IN_PROGRESS","resource":"projects/123397344940/locations/us-central1/builds/42f43319-a5fa-4325-b54a-cf4f50515e12","resourceUri":"https://console.cloud.google.com/cloud-build/builds;region=us-central1/42f43319-a5fa-4325-b54a-cf4f50515e12?project=123397344940"},{"name":"SERVICE","state":"NOT_STARTED"}],"operationType":"CREATE_FUNCTION","buildName":"projects/123397344940/locations/us-central1/builds/42f43319-a5fa-4325-b54a-cf4f50515e12"},"done":false}
[debug] [2025-06-14T01:48:56.267Z] [create-default-us-central1-getClientIP] Retrying task index 0
[debug] [2025-06-14T01:48:56.267Z] Checked if tokens are valid: true, expires at: 1749868607490
[debug] [2025-06-14T01:48:56.267Z] Checked if tokens are valid: true, expires at: 1749868607490
[debug] [2025-06-14T01:48:56.267Z] >>> [apiv2][query] GET https://cloudfunctions.googleapis.com/v2/projects/networksecurity-866ff/locations/us-central1/operations/operation-1749865682005-6377e5a616f08-152be097-938d1d4b [none]
[debug] [2025-06-14T01:48:57.315Z] <<< [apiv2][status] GET https://cloudfunctions.googleapis.com/v2/projects/networksecurity-866ff/locations/us-central1/operations/operation-1749865682005-6377e5a616f08-152be097-938d1d4b 200
[debug] [2025-06-14T01:48:57.316Z] <<< [apiv2][body] GET https://cloudfunctions.googleapis.com/v2/projects/networksecurity-866ff/locations/us-central1/operations/operation-1749865682005-6377e5a616f08-152be097-938d1d4b {"name":"projects/networksecurity-866ff/locations/us-central1/operations/operation-1749865682005-6377e5a616f08-152be097-938d1d4b","metadata":{"@type":"type.googleapis.com/google.cloud.functions.v2.OperationMetadata","createTime":"2025-06-14T01:48:03.180378829Z","target":"projects/networksecurity-866ff/locations/us-central1/functions/getClientIP","verb":"create","cancelRequested":false,"apiVersion":"v2","requestResource":{"@type":"type.googleapis.com/google.cloud.functions.v2.Function","name":"projects/networksecurity-866ff/locations/us-central1/functions/getClientIP","buildConfig":{"runtime":"nodejs22","entryPoint":"getClientIP","source":{"storageSource":{"bucket":"gcf-v2-sources-123397344940-us-central1","object":"getClientIP/function-source.zip","generation":"1749865682868868"}},"environmentVariables":{"GOOGLE_NODE_RUN_SCRIPTS":""},"serviceAccount":"projects/networksecurity-866ff/serviceAccounts/123397344940-compute@developer.gserviceaccount.com","automaticUpdatePolicy":{}},"serviceConfig":{"service":"projects/networksecurity-866ff/locations/us-central1/services/getclientip","timeoutSeconds":60,"environmentVariables":{"FIREBASE_CONFIG":"{\"projectId\":\"networksecurity-866ff\",\"databaseURL\":\"https://networksecurity-866ff-default-rtdb.firebaseio.com\",\"storageBucket\":\"networksecurity-866ff.firebasestorage.app\"}","GCLOUD_PROJECT":"networksecurity-866ff","EVENTARC_CLOUD_EVENT_SOURCE":"projects/networksecurity-866ff/locations/us-central1/services/getClientIP","FUNCTION_TARGET":"getClientIP","LOG_EXECUTION_ID":"true"},"ingressSettings":"ALLOW_ALL","serviceAccountEmail":"123397344940-compute@developer.gserviceaccount.com","availableMemory":"256Mi","maxInstanceRequestConcurrency":80,"availableCpu":"1"},"labels":{"deployment-tool":"cli-firebase","firebase-functions-hash":"d46ba9a9c430942edfac8e67c6d074c31e00af3d"},"environment":"GEN_2"},"stages":[{"name":"BUILD","message":"Build in progress","state":"IN_PROGRESS","resource":"projects/123397344940/locations/us-central1/builds/42f43319-a5fa-4325-b54a-cf4f50515e12","resourceUri":"https://console.cloud.google.com/cloud-build/builds;region=us-central1/42f43319-a5fa-4325-b54a-cf4f50515e12?project=123397344940"},{"name":"SERVICE","state":"NOT_STARTED"}],"operationType":"CREATE_FUNCTION","buildName":"projects/123397344940/locations/us-central1/builds/42f43319-a5fa-4325-b54a-cf4f50515e12"},"done":false}
[debug] [2025-06-14T01:49:07.325Z] [create-default-us-central1-getClientIP] Retrying task index 0
[debug] [2025-06-14T01:49:07.325Z] Checked if tokens are valid: true, expires at: 1749868607490
[debug] [2025-06-14T01:49:07.325Z] Checked if tokens are valid: true, expires at: 1749868607490
[debug] [2025-06-14T01:49:07.325Z] >>> [apiv2][query] GET https://cloudfunctions.googleapis.com/v2/projects/networksecurity-866ff/locations/us-central1/operations/operation-1749865682005-6377e5a616f08-152be097-938d1d4b [none]
[debug] [2025-06-14T01:49:08.400Z] <<< [apiv2][status] GET https://cloudfunctions.googleapis.com/v2/projects/networksecurity-866ff/locations/us-central1/operations/operation-1749865682005-6377e5a616f08-152be097-938d1d4b 200
[debug] [2025-06-14T01:49:08.400Z] <<< [apiv2][body] GET https://cloudfunctions.googleapis.com/v2/projects/networksecurity-866ff/locations/us-central1/operations/operation-1749865682005-6377e5a616f08-152be097-938d1d4b {"name":"projects/networksecurity-866ff/locations/us-central1/operations/operation-1749865682005-6377e5a616f08-152be097-938d1d4b","metadata":{"@type":"type.googleapis.com/google.cloud.functions.v2.OperationMetadata","createTime":"2025-06-14T01:48:03.180378829Z","target":"projects/networksecurity-866ff/locations/us-central1/functions/getClientIP","verb":"create","cancelRequested":false,"apiVersion":"v2","requestResource":{"@type":"type.googleapis.com/google.cloud.functions.v2.Function","name":"projects/networksecurity-866ff/locations/us-central1/functions/getClientIP","buildConfig":{"runtime":"nodejs22","entryPoint":"getClientIP","source":{"storageSource":{"bucket":"gcf-v2-sources-123397344940-us-central1","object":"getClientIP/function-source.zip","generation":"1749865682868868"}},"environmentVariables":{"GOOGLE_NODE_RUN_SCRIPTS":""},"serviceAccount":"projects/networksecurity-866ff/serviceAccounts/123397344940-compute@developer.gserviceaccount.com","automaticUpdatePolicy":{}},"serviceConfig":{"service":"projects/networksecurity-866ff/locations/us-central1/services/getclientip","timeoutSeconds":60,"environmentVariables":{"FIREBASE_CONFIG":"{\"projectId\":\"networksecurity-866ff\",\"databaseURL\":\"https://networksecurity-866ff-default-rtdb.firebaseio.com\",\"storageBucket\":\"networksecurity-866ff.firebasestorage.app\"}","GCLOUD_PROJECT":"networksecurity-866ff","EVENTARC_CLOUD_EVENT_SOURCE":"projects/networksecurity-866ff/locations/us-central1/services/getClientIP","FUNCTION_TARGET":"getClientIP","LOG_EXECUTION_ID":"true"},"ingressSettings":"ALLOW_ALL","serviceAccountEmail":"123397344940-compute@developer.gserviceaccount.com","availableMemory":"256Mi","maxInstanceRequestConcurrency":80,"availableCpu":"1"},"labels":{"deployment-tool":"cli-firebase","firebase-functions-hash":"d46ba9a9c430942edfac8e67c6d074c31e00af3d"},"environment":"GEN_2"},"stages":[{"name":"BUILD","message":"Build in progress","state":"IN_PROGRESS","resource":"projects/123397344940/locations/us-central1/builds/42f43319-a5fa-4325-b54a-cf4f50515e12","resourceUri":"https://console.cloud.google.com/cloud-build/builds;region=us-central1/42f43319-a5fa-4325-b54a-cf4f50515e12?project=123397344940"},{"name":"SERVICE","state":"NOT_STARTED"}],"operationType":"CREATE_FUNCTION","buildName":"projects/123397344940/locations/us-central1/builds/42f43319-a5fa-4325-b54a-cf4f50515e12"},"done":false}
[debug] [2025-06-14T01:49:18.400Z] [create-default-us-central1-getClientIP] Retrying task index 0
[debug] [2025-06-14T01:49:18.400Z] Checked if tokens are valid: true, expires at: 1749868607490
[debug] [2025-06-14T01:49:18.400Z] Checked if tokens are valid: true, expires at: 1749868607490
[debug] [2025-06-14T01:49:18.400Z] >>> [apiv2][query] GET https://cloudfunctions.googleapis.com/v2/projects/networksecurity-866ff/locations/us-central1/operations/operation-1749865682005-6377e5a616f08-152be097-938d1d4b [none]
[debug] [2025-06-14T01:49:19.490Z] <<< [apiv2][status] GET https://cloudfunctions.googleapis.com/v2/projects/networksecurity-866ff/locations/us-central1/operations/operation-1749865682005-6377e5a616f08-152be097-938d1d4b 200
[debug] [2025-06-14T01:49:19.491Z] <<< [apiv2][body] GET https://cloudfunctions.googleapis.com/v2/projects/networksecurity-866ff/locations/us-central1/operations/operation-1749865682005-6377e5a616f08-152be097-938d1d4b {"name":"projects/networksecurity-866ff/locations/us-central1/operations/operation-1749865682005-6377e5a616f08-152be097-938d1d4b","metadata":{"@type":"type.googleapis.com/google.cloud.functions.v2.OperationMetadata","createTime":"2025-06-14T01:48:03.180378829Z","target":"projects/networksecurity-866ff/locations/us-central1/functions/getClientIP","verb":"create","cancelRequested":false,"apiVersion":"v2","requestResource":{"@type":"type.googleapis.com/google.cloud.functions.v2.Function","name":"projects/networksecurity-866ff/locations/us-central1/functions/getClientIP","buildConfig":{"runtime":"nodejs22","entryPoint":"getClientIP","source":{"storageSource":{"bucket":"gcf-v2-sources-123397344940-us-central1","object":"getClientIP/function-source.zip","generation":"1749865682868868"}},"environmentVariables":{"GOOGLE_NODE_RUN_SCRIPTS":""},"serviceAccount":"projects/networksecurity-866ff/serviceAccounts/123397344940-compute@developer.gserviceaccount.com","automaticUpdatePolicy":{}},"serviceConfig":{"service":"projects/networksecurity-866ff/locations/us-central1/services/getclientip","timeoutSeconds":60,"environmentVariables":{"FIREBASE_CONFIG":"{\"projectId\":\"networksecurity-866ff\",\"databaseURL\":\"https://networksecurity-866ff-default-rtdb.firebaseio.com\",\"storageBucket\":\"networksecurity-866ff.firebasestorage.app\"}","GCLOUD_PROJECT":"networksecurity-866ff","EVENTARC_CLOUD_EVENT_SOURCE":"projects/networksecurity-866ff/locations/us-central1/services/getClientIP","FUNCTION_TARGET":"getClientIP","LOG_EXECUTION_ID":"true"},"ingressSettings":"ALLOW_ALL","serviceAccountEmail":"123397344940-compute@developer.gserviceaccount.com","availableMemory":"256Mi","maxInstanceRequestConcurrency":80,"availableCpu":"1"},"labels":{"deployment-tool":"cli-firebase","firebase-functions-hash":"d46ba9a9c430942edfac8e67c6d074c31e00af3d"},"environment":"GEN_2"},"stages":[{"name":"BUILD","message":"Build in progress","state":"IN_PROGRESS","resource":"projects/123397344940/locations/us-central1/builds/42f43319-a5fa-4325-b54a-cf4f50515e12","resourceUri":"https://console.cloud.google.com/cloud-build/builds;region=us-central1/42f43319-a5fa-4325-b54a-cf4f50515e12?project=123397344940"},{"name":"SERVICE","state":"NOT_STARTED"}],"operationType":"CREATE_FUNCTION","buildName":"projects/123397344940/locations/us-central1/builds/42f43319-a5fa-4325-b54a-cf4f50515e12"},"done":false}
[debug] [2025-06-14T01:49:29.500Z] [create-default-us-central1-getClientIP] Retrying task index 0
[debug] [2025-06-14T01:49:29.500Z] Checked if tokens are valid: true, expires at: 1749868607490
[debug] [2025-06-14T01:49:29.500Z] Checked if tokens are valid: true, expires at: 1749868607490
[debug] [2025-06-14T01:49:29.500Z] >>> [apiv2][query] GET https://cloudfunctions.googleapis.com/v2/projects/networksecurity-866ff/locations/us-central1/operations/operation-1749865682005-6377e5a616f08-152be097-938d1d4b [none]
[debug] [2025-06-14T01:49:30.565Z] <<< [apiv2][status] GET https://cloudfunctions.googleapis.com/v2/projects/networksecurity-866ff/locations/us-central1/operations/operation-1749865682005-6377e5a616f08-152be097-938d1d4b 200
[debug] [2025-06-14T01:49:30.565Z] <<< [apiv2][body] GET https://cloudfunctions.googleapis.com/v2/projects/networksecurity-866ff/locations/us-central1/operations/operation-1749865682005-6377e5a616f08-152be097-938d1d4b {"name":"projects/networksecurity-866ff/locations/us-central1/operations/operation-1749865682005-6377e5a616f08-152be097-938d1d4b","metadata":{"@type":"type.googleapis.com/google.cloud.functions.v2.OperationMetadata","createTime":"2025-06-14T01:48:03.180378829Z","target":"projects/networksecurity-866ff/locations/us-central1/functions/getClientIP","verb":"create","cancelRequested":false,"apiVersion":"v2","requestResource":{"@type":"type.googleapis.com/google.cloud.functions.v2.Function","name":"projects/networksecurity-866ff/locations/us-central1/functions/getClientIP","buildConfig":{"runtime":"nodejs22","entryPoint":"getClientIP","source":{"storageSource":{"bucket":"gcf-v2-sources-123397344940-us-central1","object":"getClientIP/function-source.zip","generation":"1749865682868868"}},"environmentVariables":{"GOOGLE_NODE_RUN_SCRIPTS":""},"serviceAccount":"projects/networksecurity-866ff/serviceAccounts/123397344940-compute@developer.gserviceaccount.com","automaticUpdatePolicy":{}},"serviceConfig":{"service":"projects/networksecurity-866ff/locations/us-central1/services/getclientip","timeoutSeconds":60,"environmentVariables":{"FIREBASE_CONFIG":"{\"projectId\":\"networksecurity-866ff\",\"databaseURL\":\"https://networksecurity-866ff-default-rtdb.firebaseio.com\",\"storageBucket\":\"networksecurity-866ff.firebasestorage.app\"}","GCLOUD_PROJECT":"networksecurity-866ff","EVENTARC_CLOUD_EVENT_SOURCE":"projects/networksecurity-866ff/locations/us-central1/services/getClientIP","FUNCTION_TARGET":"getClientIP","LOG_EXECUTION_ID":"true"},"ingressSettings":"ALLOW_ALL","serviceAccountEmail":"123397344940-compute@developer.gserviceaccount.com","availableMemory":"256Mi","maxInstanceRequestConcurrency":80,"availableCpu":"1"},"labels":{"deployment-tool":"cli-firebase","firebase-functions-hash":"d46ba9a9c430942edfac8e67c6d074c31e00af3d"},"environment":"GEN_2"},"stages":[{"name":"BUILD","message":"Build in progress","state":"IN_PROGRESS","resource":"projects/123397344940/locations/us-central1/builds/42f43319-a5fa-4325-b54a-cf4f50515e12","resourceUri":"https://console.cloud.google.com/cloud-build/builds;region=us-central1/42f43319-a5fa-4325-b54a-cf4f50515e12?project=123397344940"},{"name":"SERVICE","state":"NOT_STARTED"}],"operationType":"CREATE_FUNCTION","buildName":"projects/123397344940/locations/us-central1/builds/42f43319-a5fa-4325-b54a-cf4f50515e12"},"done":false}
[debug] [2025-06-14T01:49:40.576Z] [create-default-us-central1-getClientIP] Retrying task index 0
[debug] [2025-06-14T01:49:40.576Z] Checked if tokens are valid: true, expires at: 1749868607490
[debug] [2025-06-14T01:49:40.576Z] Checked if tokens are valid: true, expires at: 1749868607490
[debug] [2025-06-14T01:49:40.576Z] >>> [apiv2][query] GET https://cloudfunctions.googleapis.com/v2/projects/networksecurity-866ff/locations/us-central1/operations/operation-1749865682005-6377e5a616f08-152be097-938d1d4b [none]
[debug] [2025-06-14T01:49:41.600Z] <<< [apiv2][status] GET https://cloudfunctions.googleapis.com/v2/projects/networksecurity-866ff/locations/us-central1/operations/operation-1749865682005-6377e5a616f08-152be097-938d1d4b 200
[debug] [2025-06-14T01:49:41.600Z] <<< [apiv2][body] GET https://cloudfunctions.googleapis.com/v2/projects/networksecurity-866ff/locations/us-central1/operations/operation-1749865682005-6377e5a616f08-152be097-938d1d4b {"name":"projects/networksecurity-866ff/locations/us-central1/operations/operation-1749865682005-6377e5a616f08-152be097-938d1d4b","metadata":{"@type":"type.googleapis.com/google.cloud.functions.v2.OperationMetadata","createTime":"2025-06-14T01:48:03.180378829Z","target":"projects/networksecurity-866ff/locations/us-central1/functions/getClientIP","verb":"create","cancelRequested":false,"apiVersion":"v2","requestResource":{"@type":"type.googleapis.com/google.cloud.functions.v2.Function","name":"projects/networksecurity-866ff/locations/us-central1/functions/getClientIP","buildConfig":{"runtime":"nodejs22","entryPoint":"getClientIP","source":{"storageSource":{"bucket":"gcf-v2-sources-123397344940-us-central1","object":"getClientIP/function-source.zip","generation":"1749865682868868"}},"environmentVariables":{"GOOGLE_NODE_RUN_SCRIPTS":""},"serviceAccount":"projects/networksecurity-866ff/serviceAccounts/123397344940-compute@developer.gserviceaccount.com","automaticUpdatePolicy":{}},"serviceConfig":{"service":"projects/networksecurity-866ff/locations/us-central1/services/getclientip","timeoutSeconds":60,"environmentVariables":{"FIREBASE_CONFIG":"{\"projectId\":\"networksecurity-866ff\",\"databaseURL\":\"https://networksecurity-866ff-default-rtdb.firebaseio.com\",\"storageBucket\":\"networksecurity-866ff.firebasestorage.app\"}","GCLOUD_PROJECT":"networksecurity-866ff","EVENTARC_CLOUD_EVENT_SOURCE":"projects/networksecurity-866ff/locations/us-central1/services/getClientIP","FUNCTION_TARGET":"getClientIP","LOG_EXECUTION_ID":"true"},"ingressSettings":"ALLOW_ALL","serviceAccountEmail":"123397344940-compute@developer.gserviceaccount.com","availableMemory":"256Mi","maxInstanceRequestConcurrency":80,"availableCpu":"1"},"labels":{"deployment-tool":"cli-firebase","firebase-functions-hash":"d46ba9a9c430942edfac8e67c6d074c31e00af3d"},"environment":"GEN_2"},"stages":[{"name":"BUILD","message":"Build finished","state":"COMPLETE","resource":"projects/123397344940/locations/us-central1/builds/42f43319-a5fa-4325-b54a-cf4f50515e12","resourceUri":"https://console.cloud.google.com/cloud-build/builds;region=us-central1/42f43319-a5fa-4325-b54a-cf4f50515e12?project=123397344940"},{"name":"SERVICE","message":"Creating Cloud Run service","state":"IN_PROGRESS","resource":"projects/networksecurity-866ff/locations/us-central1/services/getclientip","resourceUri":"https://console.cloud.google.com/run/detail/us-central1/getclientip?project=networksecurity-866ff"}],"sourceToken":"Cldwcm9qZWN0cy8xMjMzOTczNDQ5NDAvbG9jYXRpb25zL3VzLWNlbnRyYWwxL2J1aWxkcy80MmY0MzMxOS1hNWZhLTQzMjUtYjU0YS1jZjRmNTA1MTVlMTISfXVzLWNlbnRyYWwxLWRvY2tlci5wa2cuZGV2L25ldHdvcmtzZWN1cml0eS04NjZmZi9nY2YtYXJ0aWZhY3RzL25ldHdvcmtzZWN1cml0eS0tODY2ZmZfX3VzLS1jZW50cmFsMV9fZ2V0X2NsaWVudF9pX3A6dmVyc2lvbl8xGKyduNjLAyJKcHJvamVjdHMvbmV0d29ya3NlY3VyaXR5LTg2NmZmL2xvY2F0aW9ucy91cy1jZW50cmFsMS9mdW5jdGlvbnMvZ2V0Q2xpZW50SVAqDAiuqrPCBhDgxPaKAzIIbm9kZWpzMjI6dgojZ2NyLmlvL2dhZS1ydW50aW1lcy9ub2RlanMyMjpzdGFibGUST3VzLWNlbnRyYWwxLWRvY2tlci5wa2cuZGV2L3NlcnZlcmxlc3MtcnVudGltZXMvZ29vZ2xlLTIyLWZ1bGwvcnVudGltZXMvbm9kZWpzMjJAAQ==","operationType":"CREATE_FUNCTION","buildName":"projects/123397344940/locations/us-central1/builds/42f43319-a5fa-4325-b54a-cf4f50515e12"},"done":false}
[debug] [2025-06-14T01:49:41.600Z] Got source token Cldwcm9qZWN0cy8xMjMzOTczNDQ5NDAvbG9jYXRpb25zL3VzLWNlbnRyYWwxL2J1aWxkcy80MmY0MzMxOS1hNWZhLTQzMjUtYjU0YS1jZjRmNTA1MTVlMTISfXVzLWNlbnRyYWwxLWRvY2tlci5wa2cuZGV2L25ldHdvcmtzZWN1cml0eS04NjZmZi9nY2YtYXJ0aWZhY3RzL25ldHdvcmtzZWN1cml0eS0tODY2ZmZfX3VzLS1jZW50cmFsMV9fZ2V0X2NsaWVudF9pX3A6dmVyc2lvbl8xGKyduNjLAyJKcHJvamVjdHMvbmV0d29ya3NlY3VyaXR5LTg2NmZmL2xvY2F0aW9ucy91cy1jZW50cmFsMS9mdW5jdGlvbnMvZ2V0Q2xpZW50SVAqDAiuqrPCBhDgxPaKAzIIbm9kZWpzMjI6dgojZ2NyLmlvL2dhZS1ydW50aW1lcy9ub2RlanMyMjpzdGFibGUST3VzLWNlbnRyYWwxLWRvY2tlci5wa2cuZGV2L3NlcnZlcmxlc3MtcnVudGltZXMvZ29vZ2xlLTIyLWZ1bGwvcnVudGltZXMvbm9kZWpzMjJAAQ== for region us-central1
[debug] [2025-06-14T01:49:51.605Z] [create-default-us-central1-getClientIP] Retrying task index 0
[debug] [2025-06-14T01:49:51.605Z] Checked if tokens are valid: true, expires at: 1749868607490
[debug] [2025-06-14T01:49:51.605Z] Checked if tokens are valid: true, expires at: 1749868607490
[debug] [2025-06-14T01:49:51.605Z] >>> [apiv2][query] GET https://cloudfunctions.googleapis.com/v2/projects/networksecurity-866ff/locations/us-central1/operations/operation-1749865682005-6377e5a616f08-152be097-938d1d4b [none]
[debug] [2025-06-14T01:49:52.679Z] <<< [apiv2][status] GET https://cloudfunctions.googleapis.com/v2/projects/networksecurity-866ff/locations/us-central1/operations/operation-1749865682005-6377e5a616f08-152be097-938d1d4b 200
[debug] [2025-06-14T01:49:52.679Z] <<< [apiv2][body] GET https://cloudfunctions.googleapis.com/v2/projects/networksecurity-866ff/locations/us-central1/operations/operation-1749865682005-6377e5a616f08-152be097-938d1d4b {"name":"projects/networksecurity-866ff/locations/us-central1/operations/operation-1749865682005-6377e5a616f08-152be097-938d1d4b","metadata":{"@type":"type.googleapis.com/google.cloud.functions.v2.OperationMetadata","createTime":"2025-06-14T01:48:03.180378829Z","endTime":"2025-06-14T01:49:43.431425451Z","target":"projects/networksecurity-866ff/locations/us-central1/functions/getClientIP","verb":"create","cancelRequested":false,"apiVersion":"v2","requestResource":{"@type":"type.googleapis.com/google.cloud.functions.v2.Function","name":"projects/networksecurity-866ff/locations/us-central1/functions/getClientIP","buildConfig":{"runtime":"nodejs22","entryPoint":"getClientIP","source":{"storageSource":{"bucket":"gcf-v2-sources-123397344940-us-central1","object":"getClientIP/function-source.zip","generation":"1749865682868868"}},"environmentVariables":{"GOOGLE_NODE_RUN_SCRIPTS":""},"serviceAccount":"projects/networksecurity-866ff/serviceAccounts/123397344940-compute@developer.gserviceaccount.com","automaticUpdatePolicy":{}},"serviceConfig":{"service":"projects/networksecurity-866ff/locations/us-central1/services/getclientip","timeoutSeconds":60,"environmentVariables":{"FIREBASE_CONFIG":"{\"projectId\":\"networksecurity-866ff\",\"databaseURL\":\"https://networksecurity-866ff-default-rtdb.firebaseio.com\",\"storageBucket\":\"networksecurity-866ff.firebasestorage.app\"}","GCLOUD_PROJECT":"networksecurity-866ff","EVENTARC_CLOUD_EVENT_SOURCE":"projects/networksecurity-866ff/locations/us-central1/services/getClientIP","FUNCTION_TARGET":"getClientIP","LOG_EXECUTION_ID":"true"},"ingressSettings":"ALLOW_ALL","serviceAccountEmail":"123397344940-compute@developer.gserviceaccount.com","availableMemory":"256Mi","maxInstanceRequestConcurrency":80,"availableCpu":"1"},"labels":{"deployment-tool":"cli-firebase","firebase-functions-hash":"d46ba9a9c430942edfac8e67c6d074c31e00af3d"},"environment":"GEN_2"},"stages":[{"name":"BUILD","message":"Build finished","state":"COMPLETE","resource":"projects/123397344940/locations/us-central1/builds/42f43319-a5fa-4325-b54a-cf4f50515e12","resourceUri":"https://console.cloud.google.com/cloud-build/builds;region=us-central1/42f43319-a5fa-4325-b54a-cf4f50515e12?project=123397344940"},{"name":"SERVICE","message":"Creating Cloud Run service","state":"COMPLETE","resource":"projects/networksecurity-866ff/locations/us-central1/services/getclientip","resourceUri":"https://console.cloud.google.com/run/detail/us-central1/getclientip?project=networksecurity-866ff"}],"sourceToken":"Cldwcm9qZWN0cy8xMjMzOTczNDQ5NDAvbG9jYXRpb25zL3VzLWNlbnRyYWwxL2J1aWxkcy80MmY0MzMxOS1hNWZhLTQzMjUtYjU0YS1jZjRmNTA1MTVlMTISfXVzLWNlbnRyYWwxLWRvY2tlci5wa2cuZGV2L25ldHdvcmtzZWN1cml0eS04NjZmZi9nY2YtYXJ0aWZhY3RzL25ldHdvcmtzZWN1cml0eS0tODY2ZmZfX3VzLS1jZW50cmFsMV9fZ2V0X2NsaWVudF9pX3A6dmVyc2lvbl8xGKyduNjLAyJKcHJvamVjdHMvbmV0d29ya3NlY3VyaXR5LTg2NmZmL2xvY2F0aW9ucy91cy1jZW50cmFsMS9mdW5jdGlvbnMvZ2V0Q2xpZW50SVAqDAiuqrPCBhDgxPaKAzIIbm9kZWpzMjI6dgojZ2NyLmlvL2dhZS1ydW50aW1lcy9ub2RlanMyMjpzdGFibGUST3VzLWNlbnRyYWwxLWRvY2tlci5wa2cuZGV2L3NlcnZlcmxlc3MtcnVudGltZXMvZ29vZ2xlLTIyLWZ1bGwvcnVudGltZXMvbm9kZWpzMjJAAQ==","operationType":"CREATE_FUNCTION","buildName":"projects/123397344940/locations/us-central1/builds/42f43319-a5fa-4325-b54a-cf4f50515e12"},"done":true,"response":{"@type":"type.googleapis.com/google.cloud.functions.v2.Function","name":"projects/networksecurity-866ff/locations/us-central1/functions/getClientIP","buildConfig":{"build":"projects/123397344940/locations/us-central1/builds/42f43319-a5fa-4325-b54a-cf4f50515e12","runtime":"nodejs22","entryPoint":"getClientIP","source":{"storageSource":{"bucket":"gcf-v2-sources-123397344940-us-central1","object":"getClientIP/function-source.zip","generation":"1749865682868868"}},"environmentVariables":{"GOOGLE_NODE_RUN_SCRIPTS":""},"dockerRepository":"projects/networksecurity-866ff/locations/us-central1/repositories/gcf-artifacts","sourceProvenance":{"resolvedStorageSource":{"bucket":"gcf-v2-sources-123397344940-us-central1","object":"getClientIP/function-source.zip","generation":"1749865682868868"}},"dockerRegistry":"ARTIFACT_REGISTRY","serviceAccount":"projects/networksecurity-866ff/serviceAccounts/123397344940-compute@developer.gserviceaccount.com","automaticUpdatePolicy":{}},"serviceConfig":{"service":"projects/networksecurity-866ff/locations/us-central1/services/getclientip","timeoutSeconds":60,"environmentVariables":{"FIREBASE_CONFIG":"{\"projectId\":\"networksecurity-866ff\",\"databaseURL\":\"https://networksecurity-866ff-default-rtdb.firebaseio.com\",\"storageBucket\":\"networksecurity-866ff.firebasestorage.app\"}","GCLOUD_PROJECT":"networksecurity-866ff","EVENTARC_CLOUD_EVENT_SOURCE":"projects/networksecurity-866ff/locations/us-central1/services/getClientIP","FUNCTION_TARGET":"getClientIP","LOG_EXECUTION_ID":"true"},"maxInstanceCount":3,"ingressSettings":"ALLOW_ALL","uri":"https://getclientip-56xpofq5iq-uc.a.run.app","serviceAccountEmail":"123397344940-compute@developer.gserviceaccount.com","availableMemory":"256Mi","allTrafficOnLatestRevision":true,"revision":"getclientip-00001-fac","maxInstanceRequestConcurrency":80,"availableCpu":"1"},"state":"ACTIVE","updateTime":"2025-06-14T01:48:03.176409329Z","labels":{"firebase-functions-hash":"d46ba9a9c430942edfac8e67c6d074c31e00af3d","deployment-tool":"cli-firebase"},"environment":"GEN_2","url":"https://us-central1-networksecurity-866ff.cloudfunctions.net/getClientIP","createTime":"2025-06-14T01:48:03.176409329Z","satisfiesPzi":true}}
[debug] [2025-06-14T01:49:52.680Z] Got source token Cldwcm9qZWN0cy8xMjMzOTczNDQ5NDAvbG9jYXRpb25zL3VzLWNlbnRyYWwxL2J1aWxkcy80MmY0MzMxOS1hNWZhLTQzMjUtYjU0YS1jZjRmNTA1MTVlMTISfXVzLWNlbnRyYWwxLWRvY2tlci5wa2cuZGV2L25ldHdvcmtzZWN1cml0eS04NjZmZi9nY2YtYXJ0aWZhY3RzL25ldHdvcmtzZWN1cml0eS0tODY2ZmZfX3VzLS1jZW50cmFsMV9fZ2V0X2NsaWVudF9pX3A6dmVyc2lvbl8xGKyduNjLAyJKcHJvamVjdHMvbmV0d29ya3NlY3VyaXR5LTg2NmZmL2xvY2F0aW9ucy91cy1jZW50cmFsMS9mdW5jdGlvbnMvZ2V0Q2xpZW50SVAqDAiuqrPCBhDgxPaKAzIIbm9kZWpzMjI6dgojZ2NyLmlvL2dhZS1ydW50aW1lcy9ub2RlanMyMjpzdGFibGUST3VzLWNlbnRyYWwxLWRvY2tlci5wa2cuZGV2L3NlcnZlcmxlc3MtcnVudGltZXMvZ29vZ2xlLTIyLWZ1bGwvcnVudGltZXMvbm9kZWpzMjJAAQ== for region us-central1
[debug] [2025-06-14T01:49:52.680Z] Checked if tokens are valid: true, expires at: 1749868607490
[debug] [2025-06-14T01:49:52.680Z] Checked if tokens are valid: true, expires at: 1749868607490
[debug] [2025-06-14T01:49:52.680Z] >>> [apiv2][query] POST https://run.googleapis.com/v1/projects/networksecurity-866ff/locations/us-central1/services/getclientip:setIamPolicy [none]
[debug] [2025-06-14T01:49:52.680Z] >>> [apiv2][body] POST https://run.googleapis.com/v1/projects/networksecurity-866ff/locations/us-central1/services/getclientip:setIamPolicy {"policy":{"bindings":[{"role":"roles/run.invoker","members":["allUsers"]}],"etag":"","version":3},"updateMask":"bindings,etag,version"}
[debug] [2025-06-14T01:49:54.020Z] <<< [apiv2][status] POST https://run.googleapis.com/v1/projects/networksecurity-866ff/locations/us-central1/services/getclientip:setIamPolicy 200
[debug] [2025-06-14T01:49:54.021Z] <<< [apiv2][body] POST https://run.googleapis.com/v1/projects/networksecurity-866ff/locations/us-central1/services/getclientip:setIamPolicy {"version":1,"etag":"BwY3fmEGark=","bindings":[{"role":"roles/run.invoker","members":["allUsers"]}]}
[info] +  functions[getClientIP(us-central1)] Successful create operation. 
[debug] [2025-06-14T01:49:54.025Z] Total Function Deployment time: 112399
[debug] [2025-06-14T01:49:54.025Z] 1 Functions Deployed
[debug] [2025-06-14T01:49:54.025Z] 0 Functions Errored
[debug] [2025-06-14T01:49:54.025Z] 0 Function Deployments Aborted
[debug] [2025-06-14T01:49:54.025Z] Average Function Deployment time: 112398
[info] Function URL (getClientIP(us-central1)): https://us-central1-networksecurity-866ff.cloudfunctions.net/getClientIP
[debug] [2025-06-14T01:49:54.382Z] Checked if tokens are valid: true, expires at: 1749868607490
[debug] [2025-06-14T01:49:54.382Z] Checked if tokens are valid: true, expires at: 1749868607490
[debug] [2025-06-14T01:49:54.382Z] >>> [apiv2][query] GET https://artifactregistry.googleapis.com/v1/projects/networksecurity-866ff/locations/us-central1/repositories/gcf-artifacts [none]
[debug] [2025-06-14T01:49:55.000Z] <<< [apiv2][status] GET https://artifactregistry.googleapis.com/v1/projects/networksecurity-866ff/locations/us-central1/repositories/gcf-artifacts 200
[debug] [2025-06-14T01:49:55.000Z] <<< [apiv2][body] GET https://artifactregistry.googleapis.com/v1/projects/networksecurity-866ff/locations/us-central1/repositories/gcf-artifacts {"name":"projects/networksecurity-866ff/locations/us-central1/repositories/gcf-artifacts","format":"DOCKER","description":"This repository is created and used by Cloud Functions for storing function docker images.","labels":{"goog-managed-by":"cloudfunctions"},"createTime":"2025-06-14T01:48:29.418552Z","updateTime":"2025-06-14T01:49:30.735266Z","mode":"STANDARD_REPOSITORY","sizeBytes":"94647033","vulnerabilityScanningConfig":{"lastEnableTime":"2025-06-14T01:48:03.377746509Z","enablementState":"SCANNING_DISABLED","enablementStateReason":"API containerscanning.googleapis.com is not enabled."},"satisfiesPzi":true,"registryUri":"us-central1-docker.pkg.dev/networksecurity-866ff/gcf-artifacts"}
[warn] !  functions: No cleanup policy detected for repositories in us-central1. This may result in a small monthly bill as container images accumulate over time. 
